[2021-04-08 11:21:31] [INFO]: 当前版本:v0.9.40-fix4 
[2021-04-08 11:21:31] [INFO]: 用户交流群: 721829413 
[2021-04-08 11:21:31] [INFO]: 将使用 device.json 内的设备信息运行Bot. 
[2021-04-08 11:21:31] [INFO]: 开始尝试登录并同步消息... 
[2021-04-08 11:21:31] [INFO]: 使用协议: iPad 
[2021-04-08 11:21:31] [INFO]: Protocol -> connect to server: 120.232.18.180:8080 
[2021-04-08 11:21:31] [INFO]: Admin API 服务器已启动: 127.0.0.1:9999 
[2021-04-08 11:21:32] [INFO]: 登录成功 欢迎使用: 青柠微凉 
[2021-04-08 11:21:32] [INFO]: 开始加载好友列表... 
[2021-04-08 11:21:32] [INFO]: 共加载 5 个好友. 
[2021-04-08 11:21:32] [INFO]: 开始加载群列表... 
[2021-04-08 11:21:34] [INFO]: 共加载 2 个群. 
[2021-04-08 11:21:34] [INFO]: 信息数据库初始化完成. 
[2021-04-08 11:21:34] [INFO]: 正在加载事件过滤器. 
[2021-04-08 11:21:34] [WARNING]: 事件过滤器启动失败: open filter.json: The system cannot find the file specified. 
[2021-04-08 11:21:34] [INFO]: 资源初始化完成, 开始处理信息. 
[2021-04-08 11:21:34] [INFO]: アトリは、高性能ですから! 
[2021-04-08 11:21:34] [INFO]: CQ HTTP 服务器已启动: 0.0.0.0:5700 
[2021-04-08 11:21:34] [INFO]: 正在检查更新. 
[2021-04-08 11:21:34] [INFO]: CQ WebSocket 服务器已启动: 0.0.0.0:6700 
[2021-04-08 11:21:35] [INFO]: 收到服务器地址更新通知, 根据配置文件已忽略. 
[2021-04-08 11:21:35] [INFO]: 当前有更新的 go-cqhttp 可供更新, 请前往 https://github.com/Mrs4s/go-cqhttp/releases 下载. 
[2021-04-08 11:21:35] [INFO]: 当前版本: v0.9.40-fix4 最新版本: v1.0.0-beta2 
[2021-04-08 11:21:41] [INFO]: 接受 WebSocket 连接: [::1]:58046 (/) 
[2021-04-08 11:21:41] [INFO]: 发送好友 2773173293(2773173293)  的消息: 机器人成功启动 (278071681) 
[2021-04-08 11:22:27] [INFO]: 接受 WebSocket 连接: [::1]:58054 (/) 
[2021-04-08 11:22:27] [INFO]: 发送好友 2773173293(2773173293)  的消息: 机器人成功启动 (1737767191) 
[2021-04-08 11:50:22] [INFO]: 收到群 🌚(915796189) 内 0o酱(2773173293) 的消息: [CQ:at,qq=2996880538]  (1139534490) 
[2021-04-08 11:50:24] [INFO]: 收到群 🌚(915796189) 内 0o酱(2773173293) 的消息: 【菜鸟驿站】您的邮政包裹已到扬州广陵古运南苑7栋2单元104店，请20:30前凭1-2-4003取件，详询13365111838 (-577798343) 
[2021-04-08 11:50:30] [INFO]: 收到群 🌚(915796189) 内 0o酱(2773173293) 的消息: [CQ:image,file=fc757c5104e222b1c09a1af879c7e366.image] (-1433907281) 
[2021-04-08 11:51:09] [INFO]: 收到群 🌚(915796189) 内 qwq(2996880538) 的消息: ？ (864099861) 
[2021-04-08 11:51:15] [INFO]: 收到群 🌚(915796189) 内 qwq(2996880538) 的消息: 那你得自己动手了 (1149644419) 
[2021-04-08 11:52:07] [INFO]: 收到群 🌚(915796189) 内 qwq(2996880538) 的消息: 不能懒惰啊，孩子 (-734448878) 
[2021-04-08 11:52:12] [INFO]: 收到群 🌚(915796189) 内 qwq(2996880538) 的消息: 你要勇于面对生活 (-1556216956) 
[2021-04-08 11:52:18] [INFO]: 收到群 🌚(915796189) 内 0o酱(2773173293) 的消息: ？ (-1007056287) 
[2021-04-08 11:52:20] [INFO]: 收到群 🌚(915796189) 内 qwq(2996880538) 的消息: 万事万物总得还是要靠自己 (-1258374409) 
[2021-04-08 11:52:23] [INFO]: 收到群 🌚(915796189) 内 0o酱(2773173293) 的消息: 哦 (771222349) 
[2021-04-08 11:52:33] [INFO]: 收到群 🌚(915796189) 内 0o酱(2773173293) 的消息: 那我自己开个出门证出去拿了 (1525734363) 
[2021-04-08 11:52:49] [INFO]: 收到群 🌚(915796189) 内 0o酱(2773173293) 的消息: 不拿就不拿呗👀 (-996913544) 
[2021-04-08 11:52:56] [INFO]: 收到群 🌚(915796189) 内 qwq(2996880538) 的消息: [CQ:image,file=6765408c14abb6055306d6db49efcc5f.image] (-1282179346) 
[2021-04-08 11:53:02] [INFO]: 收到群 🌚(915796189) 内 qwq(2996880538) 的消息: 人懒总是要借口的.jpg (714747732) 
[2021-04-08 11:53:45] [INFO]: 收到群 🌚(915796189) 内 0o酱(2773173293) 的消息: [CQ:at,qq=2996880538] 还钱吧 (1570578370) 
[2021-04-08 11:53:51] [INFO]: 收到群 🌚(915796189) 内 0o酱(2773173293) 的消息: 我叫饿了么跑腿 (-853409197) 
[2021-04-08 11:53:53] [INFO]: 收到群 🌚(915796189) 内 0o酱(2773173293) 的消息: 👀 (-1171967291) 
[2021-04-08 11:54:03] [INFO]: 收到群 🌚(915796189) 内 0o酱(2773173293) 的消息: [CQ:at,qq=1071814607]  (1147246254) 
[2021-04-08 11:54:06] [INFO]: 收到群 🌚(915796189) 内 0o酱(2773173293) 的消息: 转我了吗 (862365240) 
[2021-04-08 11:55:27] [INFO]: 收到群 🌚(915796189) 内 0o酱(2773173293) 的消息: 👀👀👀迟早吃烤乳鸽 (-1435502718) 
[2021-04-08 12:07:24] [INFO]: 收到群 🌚(915796189) 内 来做喵？(1071814607) 的消息: [CQ:image,file=6765408c14abb6055306d6db49efcc5f.image] (-580335852) 
[2021-04-08 12:10:51] [INFO]: 接受 WebSocket 连接: [::1]:58576 (/) 
[2021-04-08 12:10:51] [INFO]: 发送好友 2773173293(2773173293)  的消息: 机器人成功启动 (-101667660) 
[2021-04-08 12:11:56] [INFO]: 接受 WebSocket 连接: [::1]:58607 (/) 
[2021-04-08 12:11:56] [INFO]: 发送好友 2773173293(2773173293)  的消息: 机器人成功启动 (-1896375262) 
[2021-04-08 12:13:19] [INFO]: 接受 WebSocket 连接: [::1]:58632 (/) 
[2021-04-08 12:13:19] [INFO]: 发送好友 2773173293(2773173293)  的消息: 机器人成功启动 (402574744) 
[2021-04-08 12:13:46] [INFO]: 接受 WebSocket 连接: [::1]:58637 (/) 
[2021-04-08 12:13:46] [INFO]: 发送好友 2773173293(2773173293)  的消息: 机器人成功启动 (1626995982) 
[2021-04-08 12:14:58] [INFO]: 接受 WebSocket 连接: [::1]:58659 (/) 
[2021-04-08 12:14:58] [INFO]: 发送好友 2773173293(2773173293)  的消息: 机器人成功启动 (-263790433) 
[2021-04-08 12:15:40] [INFO]: 接受 WebSocket 连接: [::1]:58669 (/) 
[2021-04-08 12:15:40] [INFO]: 发送好友 2773173293(2773173293)  的消息: 机器人成功启动 (-2025730039) 
[2021-04-08 12:17:01] [INFO]: 接受 WebSocket 连接: [::1]:58694 (/) 
[2021-04-08 12:17:01] [INFO]: 发送好友 2773173293(2773173293)  的消息: 机器人成功启动 (-709870738) 
[2021-04-08 12:17:51] [INFO]: 接受 WebSocket 连接: [::1]:58700 (/) 
[2021-04-08 12:17:51] [INFO]: 发送好友 2773173293(2773173293)  的消息: 机器人成功启动 (-1565062152) 
[2021-04-08 12:18:42] [INFO]: 接受 WebSocket 连接: [::1]:58721 (/) 
[2021-04-08 12:18:42] [INFO]: 发送好友 2773173293(2773173293)  的消息: 机器人成功启动 (1002330690) 
[2021-04-08 12:19:43] [INFO]: 接受 WebSocket 连接: [::1]:58734 (/) 
[2021-04-08 12:19:43] [INFO]: 发送好友 2773173293(2773173293)  的消息: 机器人成功启动 (1287219924) 
[2021-04-08 12:20:17] [INFO]: 接受 WebSocket 连接: [::1]:58746 (/) 
[2021-04-08 12:20:17] [INFO]: 发送好友 2773173293(2773173293)  的消息: 机器人成功启动 (-757203081) 
[2021-04-08 12:20:38] [INFO]: 接受 WebSocket 连接: [::1]:58755 (/) 
[2021-04-08 12:20:38] [INFO]: 发送好友 2773173293(2773173293)  的消息: 机器人成功启动 (-1512386591) 
[2021-04-08 12:22:52] [INFO]: 接受 WebSocket 连接: [::1]:58818 (/) 
[2021-04-08 12:22:52] [INFO]: 发送好友 2773173293(2773173293)  的消息: 机器人成功启动 (1020501595) 
[2021-04-08 12:23:29] [INFO]: 接受 WebSocket 连接: [::1]:58825 (/) 
[2021-04-08 12:23:29] [INFO]: 发送好友 2773173293(2773173293)  的消息: 机器人成功启动 (1272229581) 
[2021-04-08 12:24:45] [INFO]: 接受 WebSocket 连接: [::1]:58858 (/) 
[2021-04-08 12:24:45] [INFO]: 发送好友 2773173293(2773173293)  的消息: 机器人成功启动 (-613698724) 
[2021-04-08 12:26:05] [INFO]: 接受 WebSocket 连接: [::1]:58877 (/) 
[2021-04-08 12:26:05] [INFO]: 发送好友 2773173293(2773173293)  的消息: 机器人成功启动 (-1402174518) 
[2021-04-08 12:26:09] [INFO]: 接受 WebSocket 连接: [::1]:58878 (/) 
[2021-04-08 12:26:09] [INFO]: 发送好友 2773173293(2773173293)  的消息: 机器人成功启动 (-861205969) 
[2021-04-08 12:26:27] [INFO]: 接受 WebSocket 连接: [::1]:58888 (/) 
[2021-04-08 12:26:27] [INFO]: 发送好友 2773173293(2773173293)  的消息: 机器人成功启动 (-1146340679) 
[2021-04-08 12:26:38] [INFO]: 接受 WebSocket 连接: [::1]:58894 (/) 
[2021-04-08 12:26:38] [INFO]: 发送好友 2773173293(2773173293)  的消息: 机器人成功启动 (581266179) 
[2021-04-08 12:28:00] [INFO]: 接受 WebSocket 连接: [::1]:58911 (/) 
[2021-04-08 12:28:00] [INFO]: 发送好友 2773173293(2773173293)  的消息: 机器人成功启动 (1436703637) 
[2021-04-08 12:28:14] [INFO]: 接受 WebSocket 连接: [::1]:58915 (/) 
[2021-04-08 12:28:14] [INFO]: 发送好友 2773173293(2773173293)  的消息: 机器人成功启动 (-876163530) 
[2021-04-08 12:28:22] [INFO]: 接受 WebSocket 连接: [::1]:58917 (/) 
[2021-04-08 12:28:22] [INFO]: 发送好友 2773173293(2773173293)  的消息: 机器人成功启动 (-1128137056) 
[2021-04-08 12:28:27] [INFO]: 收到好友 0o酱(2773173293) 的消息: !test (200407114) 
[2021-04-08 12:28:27] [INFO]: 发送好友 2773173293(2773173293)  的消息: 这是一条测试消息！
 ... (633909018) 
[2021-04-08 12:28:39] [INFO]: 收到群 🌚(915796189) 内 0o酱(2773173293) 的消息: !复读机 (1124881079) 
[2021-04-08 12:28:39] [INFO]: 发送群 915796189(915796189)  的消息: 我，就是人类的本质 (873161249) 
[2021-04-08 12:28:40] [INFO]: 发送群 915796189(915796189)  的消息: "" (-1392364645) 
[2021-04-08 12:28:40] [INFO]: 发送群 915796189(915796189)  的消息: "" (-637205747) 
[2021-04-08 12:28:40] [INFO]: 发送群 915796189(915796189)  的消息: "" (1253711516) 
[2021-04-08 12:28:40] [INFO]: 发送群 915796189(915796189)  的消息: "" (1035808266) 
[2021-04-08 12:28:40] [INFO]: 发送群 915796189(915796189)  的消息: "" (1568319471) 
[2021-04-08 12:28:41] [INFO]: 发送群 915796189(915796189)  的消息: "" (712873849) 
[2021-04-08 12:28:41] [INFO]: 发送群 915796189(915796189)  的消息: "" (-1284192573) 
[2021-04-08 12:28:41] [INFO]: 发送群 915796189(915796189)  的消息: "" (-999033259) 
[2021-04-08 12:28:41] [INFO]: 发送群 915796189(915796189)  的消息: "" (1511482358) 
[2021-04-08 12:28:41] [INFO]: 发送群 915796189(915796189)  的消息: "" (756044640) 
[2021-04-08 12:28:42] [INFO]: 发送群 915796189(915796189)  的消息: "" (-1273429286) 
[2021-04-08 12:28:42] [INFO]: 发送群 915796189(915796189)  的消息: "" (-1021431220) 
[2021-04-08 12:28:42] [INFO]: 发送群 915796189(915796189)  的消息: "" (1403072477) 
[2021-04-08 12:28:42] [INFO]: 发送群 915796189(915796189)  的消息: "" (614866763) 
[2021-04-08 12:28:42] [INFO]: 发送群 915796189(915796189)  的消息: "" (-1895914753) 
[2021-04-08 12:28:43] [INFO]: 发送群 915796189(915796189)  的消息: "" (-101084567) 
[2021-04-08 12:28:43] [INFO]: 发送群 915796189(915796189)  的消息: "" (1626391507) 
[2021-04-08 12:28:43] [INFO]: 发送群 915796189(915796189)  的消息: "" (402125637) 
[2021-04-08 12:28:43] [INFO]: 发送群 915796189(915796189)  的消息: "" (-1986828570) 
[2021-04-08 12:28:43] [INFO]: 发送群 915796189(915796189)  的消息: "" (-23832976) 
[2021-04-08 12:28:44] [INFO]: 发送群 915796189(915796189)  的消息: "" (1738344394) 
[2021-04-08 12:30:15] [INFO]: 当前版本:v0.9.40-fix4 
[2021-04-08 12:30:15] [INFO]: 用户交流群: 721829413 
[2021-04-08 12:30:15] [INFO]: 将使用 device.json 内的设备信息运行Bot. 
[2021-04-08 12:30:15] [INFO]: 开始尝试登录并同步消息... 
[2021-04-08 12:30:15] [INFO]: 使用协议: iPad 
[2021-04-08 12:30:16] [INFO]: Protocol -> connect to server: 120.232.18.126:8080 
[2021-04-08 12:30:16] [INFO]: Admin API 服务器已启动: 127.0.0.1:9999 
[2021-04-08 12:30:16] [INFO]: 登录成功 欢迎使用: 青柠微凉 
[2021-04-08 12:30:16] [INFO]: 开始加载好友列表... 
[2021-04-08 12:30:17] [INFO]: 共加载 5 个好友. 
[2021-04-08 12:30:17] [INFO]: 开始加载群列表... 
[2021-04-08 12:30:18] [INFO]: 共加载 2 个群. 
[2021-04-08 12:30:18] [INFO]: 信息数据库初始化完成. 
[2021-04-08 12:30:18] [INFO]: 正在加载事件过滤器. 
[2021-04-08 12:30:18] [WARNING]: 事件过滤器启动失败: open filter.json: The system cannot find the file specified. 
[2021-04-08 12:30:18] [INFO]: 资源初始化完成, 开始处理信息. 
[2021-04-08 12:30:18] [INFO]: アトリは、高性能ですから! 
[2021-04-08 12:30:18] [INFO]: 正在检查更新. 
[2021-04-08 12:30:18] [INFO]: CQ WebSocket 服务器已启动: 0.0.0.0:6700 
[2021-04-08 12:30:18] [INFO]: CQ HTTP 服务器已启动: 0.0.0.0:5700 
[2021-04-08 12:30:19] [INFO]: 收到服务器地址更新通知, 根据配置文件已忽略. 
[2021-04-08 12:30:19] [INFO]: 当前有更新的 go-cqhttp 可供更新, 请前往 https://github.com/Mrs4s/go-cqhttp/releases 下载. 
[2021-04-08 12:30:19] [INFO]: 当前版本: v0.9.40-fix4 最新版本: v1.0.0-beta2 
[2021-04-08 12:30:25] [INFO]: 接受 WebSocket 连接: [::1]:58983 (/) 
[2021-04-08 12:30:25] [INFO]: 发送好友 2773173293(2773173293)  的消息: 机器人成功启动 (278071681) 
[2021-04-08 12:30:29] [INFO]: 收到群 🌚(915796189) 内 0o酱(2773173293) 的消息: !复读机 (278542172) 
[2021-04-08 12:30:29] [INFO]: 发送群 915796189(915796189)  的消息: 我，就是人类的本质 (-2145047859) 
[2021-04-08 12:30:29] [INFO]: 发送群 915796189(915796189)  的消息: "" (-148759973) 
[2021-04-08 12:30:29] [INFO]: 发送群 915796189(915796189)  的消息: "" (-1746562114) 
[2021-04-08 12:30:30] [INFO]: 发送群 915796189(915796189)  的消息: "" (-522018008) 
[2021-04-08 12:30:30] [INFO]: 发送群 915796189(915796189)  的消息: "" (2045506194) 
[2021-04-08 12:30:30] [INFO]: 发送群 915796189(915796189)  的消息: "" (250397188) 
[2021-04-08 12:30:30] [INFO]: 发送群 915796189(915796189)  的消息: "" (-1870112857) 
[2021-04-08 12:30:30] [INFO]: 发送群 915796189(915796189)  的消息: "" (-410032335) 
[2021-04-08 12:30:30] [INFO]: 发送群 915796189(915796189)  的消息: "" (2122725003) 
[2021-04-08 12:30:31] [INFO]: 发送群 915796189(915796189)  的消息: "" (159450653) 
[2021-04-08 12:30:31] [INFO]: 发送群 915796189(915796189)  的消息: "" (-1723982964) 
[2021-04-08 12:30:31] [INFO]: 发送群 915796189(915796189)  的消息: "" (-298243302) 
[2021-04-08 12:30:31] [INFO]: 发送群 915796189(915796189)  的消息: "" (-1127694211) 
[2021-04-08 12:30:31] [INFO]: 发送群 915796189(915796189)  的消息: "" (-875564821) 
[2021-04-08 12:30:31] [INFO]: 发送群 915796189(915796189)  的消息: "" (1388749137) 
[2021-04-08 12:30:32] [INFO]: 发送群 915796189(915796189)  的消息: "" (633442759) 
[2021-04-08 12:30:32] [INFO]: 发送群 915796189(915796189)  的消息: "" (-1146813340) 
[2021-04-08 12:30:32] [INFO]: 发送群 915796189(915796189)  的消息: "" (-861784846) 
[2021-04-08 12:30:32] [INFO]: 发送群 915796189(915796189)  的消息: "" (1437295944) 
[2021-04-08 12:30:32] [INFO]: 发送群 915796189(915796189)  的消息: "" (581719518) 
[2021-04-08 12:30:58] [INFO]: 接受 WebSocket 连接: [::1]:58998 (/) 
[2021-04-08 12:30:58] [INFO]: 发送好友 2773173293(2773173293)  的消息: 机器人成功启动 (1737767191) 
[2021-04-08 12:31:03] [INFO]: 收到群 🌚(915796189) 内 0o酱(2773173293) 的消息: !复读机 (-1307359153) 
[2021-04-08 12:31:03] [INFO]: 发送群 915796189(915796189)  的消息: 我，就是人类的本质 (-988514087) 
[2021-04-08 12:31:03] [INFO]: 发送群 915796189(915796189)  的消息: "" (-1512836804) 
[2021-04-08 12:31:03] [INFO]: 发送群 915796189(915796189)  的消息: "" (-757808726) 
[2021-04-08 12:31:04] [INFO]: 发送群 915796189(915796189)  的消息: "" (1272811536) 
[2021-04-08 12:31:04] [INFO]: 发送群 915796189(915796189)  的消息: "" (1020960902) 
[2021-04-08 12:31:04] [INFO]: 发送群 915796189(915796189)  的消息: "" (-1564592859) 
[2021-04-08 12:31:04] [INFO]: 发送群 915796189(915796189)  的消息: "" (-709294669) 
[2021-04-08 12:31:04] [INFO]: 发送群 915796189(915796189)  的消息: "" (1286624265) 
[2021-04-08 12:31:04] [INFO]: 发送群 915796189(915796189)  的消息: "" (1001874591) 
[2021-04-08 12:31:05] [INFO]: 发送群 915796189(915796189)  的消息: "" (-1425508082) 
[2021-04-08 12:31:05] [INFO]: 发送群 915796189(915796189)  的消息: "" (-602977896) 
[2021-04-08 12:31:05] [INFO]: 发送群 915796189(915796189)  的消息: "" (-359503877) 
[2021-04-08 12:31:05] [INFO]: 发送群 915796189(915796189)  的消息: "" (-1651157139) 
[2021-04-08 12:31:05] [INFO]: 发送群 915796189(915796189)  的消息: "" (77334231) 
[2021-04-08 12:31:05] [INFO]: 发送群 915796189(915796189)  的消息: "" (1939551809) 
[2021-04-08 12:31:06] [INFO]: 发送群 915796189(915796189)  的消息: "" (-302013470) 
[2021-04-08 12:31:06] [INFO]: 发送群 915796189(915796189)  的消息: "" (-1694985356) 
[2021-04-08 12:31:06] [INFO]: 发送群 915796189(915796189)  的消息: "" (66175694) 
[2021-04-08 12:31:06] [INFO]: 发送群 915796189(915796189)  的消息: "" (1962340952) 
[2021-04-08 12:31:06] [INFO]: 发送群 915796189(915796189)  的消息: "" (-464916535) 
[2021-04-08 12:31:07] [INFO]: 发送群 915796189(915796189)  的消息: "" (-1823547553) 
[2021-04-08 12:31:07] [INFO]: 发送群 915796189(915796189)  的消息: "" (-209103174) 
[2021-04-08 12:31:07] [INFO]: 发送群 915796189(915796189)  的消息: "" (-2071042516) 
[2021-04-08 12:31:07] [INFO]: 收到群 🌚(915796189) 内 0o酱(2773173293) 的消息: 关闭复读机 (495400854) 
[2021-04-08 12:31:07] [INFO]: 发送群 915796189(915796189)  的消息: "" (1786775296) 
[2021-04-08 12:32:50] [INFO]: 接受 WebSocket 连接: [::1]:59024 (/) 
[2021-04-08 12:32:50] [INFO]: 发送好友 2773173293(2773173293)  的消息: 机器人成功启动 (-101667660) 
[2021-04-08 12:32:56] [INFO]: 收到群 🌚(915796189) 内 0o酱(2773173293) 的消息: !复读机 (-186346845) 
[2021-04-08 12:32:56] [INFO]: 发送群 915796189(915796189)  的消息: 我，就是人类的本质 (-2082233803) 
[2021-04-08 12:33:02] [INFO]: 收到群 🌚(915796189) 内 0o酱(2773173293) 的消息: 真晦气 (451605391) 
[2021-04-08 12:33:02] [INFO]: 发送群 915796189(915796189)  的消息: 真晦气 (1844298521) 
[2021-04-08 12:33:05] [INFO]: 收到群 🌚(915796189) 内 0o酱(2773173293) 的消息: 可算是好了 (-44900728) 
[2021-04-08 12:33:05] [INFO]: 发送群 915796189(915796189)  的消息: 可算是好了 (-1974079970) 
[2021-04-08 12:33:09] [INFO]: 收到群 🌚(915796189) 内 0o酱(2773173293) 的消息: [CQ:image,file=abbcc2abd70c20008b67fde986fd6075.image] (-660339335) 
[2021-04-08 12:33:09] [INFO]: 发送群 915796189(915796189)  的消息: [CQ:image, ... (-1348258321) 
[2021-04-08 12:36:08] [INFO]: 收到来自群 真是个好群呢.jpg(195135404) 内用户 0o酱(2773173293) 的加群邀请. 
[2021-04-08 12:36:08] [INFO]: 收到好友 0o酱(2773173293) 的消息: [CQ:xml,data=<?xml version='1.0' encoding='UTF-8' standalone='yes' ?><msg serviceID="128" templateID="12345" action="native" brief="&#91;链接&#93;邀请你加入群聊" sourceMsgId="0" url=""><item layout="2"><picture cover=""/><title>邀请你加入群聊</title><summary /></item><data groupcode="195135404" groupname="真是个好群呢.jpg" msgseq="1617856567681573" msgtype="2"/></msg>,resid=128] (1569579858) 
[2021-04-08 12:36:59] [INFO]: 接受 WebSocket 连接: [::1]:59092 (/) 
[2021-04-08 12:36:59] [INFO]: 发送好友 2773173293(2773173293)  的消息: 机器人成功启动 (-1896375262) 
[2021-04-08 12:37:15] [INFO]: 收到来自群 真是个好群呢.jpg(195135404) 内用户 0o酱(2773173293) 的加群邀请. 
[2021-04-08 12:37:15] [INFO]: 收到好友 0o酱(2773173293) 的消息: [CQ:xml,data=<?xml version='1.0' encoding='UTF-8' standalone='yes' ?><msg serviceID="128" templateID="12345" action="native" brief="&#91;链接&#93;邀请你加入群聊" sourceMsgId="0" url=""><item layout="2"><picture cover=""/><title>邀请你加入群聊</title><summary /></item><data groupcode="195135404" groupname="真是个好群呢.jpg" msgseq="1617856635078859" msgtype="2"/></msg>,resid=128] (-153401074) 
[2021-04-08 12:38:14] [INFO]: 接受 WebSocket 连接: [::1]:59115 (/) 
[2021-04-08 12:38:14] [INFO]: 发送好友 2773173293(2773173293)  的消息: 机器人成功启动 (402574744) 
[2021-04-08 12:38:28] [INFO]: 收到来自群 真是个好群呢.jpg(195135404) 内用户 0o酱(2773173293) 的加群邀请. 
[2021-04-08 12:38:28] [INFO]: 收到好友 0o酱(2773173293) 的消息: [CQ:xml,data=<?xml version='1.0' encoding='UTF-8' standalone='yes' ?><msg serviceID="128" templateID="12345" action="native" brief="&#91;链接&#93;邀请你加入群聊" sourceMsgId="0" url=""><item layout="2"><picture cover=""/><title>邀请你加入群聊</title><summary /></item><data groupcode="195135404" groupname="真是个好群呢.jpg" msgseq="1617856707695976" msgtype="2"/></msg>,resid=128] (1885200941) 
[2021-04-08 12:39:22] [INFO]: 接受 WebSocket 连接: [::1]:59126 (/) 
[2021-04-08 12:39:22] [INFO]: 发送好友 2773173293(2773173293)  的消息: 机器人成功启动 (1626995982) 
[2021-04-08 12:39:31] [INFO]: 收到来自群 真是个好群呢.jpg(195135404) 内用户 0o酱(2773173293) 的加群邀请. 
[2021-04-08 12:39:31] [INFO]: 收到好友 0o酱(2773173293) 的消息: [CQ:xml,data=<?xml version='1.0' encoding='UTF-8' standalone='yes' ?><msg serviceID="128" templateID="12345" action="native" brief="&#91;链接&#93;邀请你加入群聊" sourceMsgId="0" url=""><item layout="2"><picture cover=""/><title>邀请你加入群聊</title><summary /></item><data groupcode="195135404" groupname="真是个好群呢.jpg" msgseq="1617856770666103" msgtype="2"/></msg>,resid=128] (274166777) 
[2021-04-08 12:40:58] [INFO]: 接受 WebSocket 连接: [::1]:59149 (/) 
[2021-04-08 12:40:58] [INFO]: 发送好友 2773173293(2773173293)  的消息: 机器人成功启动 (-263790433) 
[2021-04-08 12:41:05] [INFO]: 收到群 🌚(915796189) 内 0o酱(2773173293) 的消息: !复读机 (917136469) 
[2021-04-08 12:41:05] [INFO]: 发送群 915796189(915796189)  的消息: 我，就是人类的本质 (1101878467) 
[2021-04-08 12:41:11] [INFO]: 收到群 真是个好群呢.jpg(195135404) 内 0o酱(2773173293) 的消息: 123 (-50631362) 
[2021-04-08 12:41:11] [INFO]: 发送群 915796189(915796189)  的消息: 123 (-540425888) 
[2021-04-08 12:41:29] [INFO]: 收到群 真是个好群呢.jpg(195135404) 内 想不出来.png(1071814607) 的消息: 123 (-1673730853) 
[2021-04-08 12:41:29] [INFO]: 发送群 915796189(915796189)  的消息: 123 (-1462832650) 
[2021-04-08 12:41:54] [INFO]: 收到群 🌚(915796189) 内 0o酱(2773173293) 的消息: 关闭复读机 (835166284) 
[2021-04-08 12:41:54] [INFO]: 发送群 915796189(915796189)  的消息: 复读机已关闭 (1187025114) 
[2021-04-08 12:44:20] [INFO]: 接受 WebSocket 连接: [::1]:59197 (/) 
[2021-04-08 12:44:20] [INFO]: 发送好友 2773173293(2773173293)  的消息: 机器人成功启动 (-2025730039) 
[2021-04-08 12:44:30] [INFO]: 收到群 真是个好群呢.jpg(195135404) 内 0o酱(2773173293) 的消息: !复读机 (-348400563) 
[2021-04-08 12:44:30] [INFO]: 发送群 195135404(195135404)  的消息: 我，就是人类的本质 (1915913719) 
[2021-04-08 12:44:35] [INFO]: 收到群 🌚(915796189) 内 0o酱(2773173293) 的消息: 1234 (-696283829) 
[2021-04-08 12:44:39] [INFO]: 收到群 🌚(915796189) 内 0o酱(2773173293) 的消息: !复读机 (-1585922595) 
[2021-04-08 12:44:39] [INFO]: 发送群 915796189(915796189)  的消息: 我，就是人类的本质 (-1044433864) 
[2021-04-08 12:44:41] [INFO]: 收到群 🌚(915796189) 内 0o酱(2773173293) 的消息: 2333 (-1229454162) 
[2021-04-08 12:44:41] [INFO]: 发送群 915796189(915796189)  的消息: 2333 (800150804) 
[2021-04-08 12:44:45] [INFO]: 收到群 🌚(915796189) 内 0o酱(2773173293) 的消息: 关闭复读机 (1488348546) 
[2021-04-08 12:44:45] [INFO]: 发送群 915796189(915796189)  的消息: 复读机已关闭 (-959254495) 
[2021-04-08 12:44:52] [INFO]: 收到群 真是个好群呢.jpg(195135404) 内 0o酱(2773173293) 的消息: 12343 (87405921) 
[2021-04-08 12:44:52] [INFO]: 发送群 195135404(195135404)  的消息: 12343 (-1689182014) 
[2021-04-08 12:44:55] [INFO]: 收到群 真是个好群呢.jpg(195135404) 内 0o酱(2773173293) 的消息: 关闭复读机 (-329904044) 
[2021-04-08 12:44:55] [INFO]: 发送群 195135404(195135404)  的消息: 复读机已关闭 (1969177070) 
