[2021-04-07 08:57:15] [INFO]: 当前版本:v0.9.40-fix4 
[2021-04-07 08:57:15] [INFO]: 用户交流群: 721829413 
[2021-04-07 08:57:15] [INFO]: 将使用 device.json 内的设备信息运行Bot. 
[2021-04-07 08:57:15] [INFO]: Bot将在5秒后登录并开始信息处理, 按 Ctrl+C 取消. 
[2021-04-07 08:57:20] [INFO]: 开始尝试登录并同步消息... 
[2021-04-07 08:57:20] [INFO]: 使用协议: iPad 
[2021-04-07 08:57:20] [INFO]: Protocol -> connect to server: 120.232.18.55:8080 
[2021-04-07 08:57:20] [INFO]: Admin API 服务器已启动: 127.0.0.1:9999 
[2021-04-07 08:57:21] [INFO]: 登录成功 欢迎使用: 青柠微凉 
[2021-04-07 08:57:21] [INFO]: 开始加载好友列表... 
[2021-04-07 08:57:21] [INFO]: 共加载 5 个好友. 
[2021-04-07 08:57:21] [INFO]: 开始加载群列表... 
[2021-04-07 08:57:22] [INFO]: 共加载 2 个群. 
[2021-04-07 08:57:22] [INFO]: 信息数据库初始化完成. 
[2021-04-07 08:57:22] [INFO]: 正在加载事件过滤器. 
[2021-04-07 08:57:22] [WARNING]: 事件过滤器启动失败: open filter.json: The system cannot find the file specified. 
[2021-04-07 08:57:22] [INFO]: 资源初始化完成, 开始处理信息. 
[2021-04-07 08:57:22] [INFO]: アトリは、高性能ですから! 
[2021-04-07 08:57:22] [INFO]: 正在检查更新. 
[2021-04-07 08:57:22] [INFO]: CQ HTTP 服务器已启动: 0.0.0.0:5700 
[2021-04-07 08:57:22] [INFO]: CQ WebSocket 服务器已启动: 0.0.0.0:6700 
[2021-04-07 08:57:22] [INFO]: 接受 WebSocket 连接: [::1]:55206 (/) 
[2021-04-07 08:57:22] [INFO]: 发送好友 2773173293(2773173293)  的消息: 机器人成功启动 (278071681) 
[2021-04-07 08:57:23] [INFO]: 收到服务器地址更新通知, 根据配置文件已忽略. 
[2021-04-07 08:57:24] [INFO]: 当前有更新的 go-cqhttp 可供更新, 请前往 https://github.com/Mrs4s/go-cqhttp/releases 下载. 
[2021-04-07 08:57:24] [INFO]: 当前版本: v0.9.40-fix4 最新版本: v1.0.0-beta1 
[2021-04-07 08:58:43] [INFO]: 收到好友 0o酱(2773173293) 的消息: !test (-1506384835) 
[2021-04-07 08:58:43] [INFO]: 发送好友 2773173293(2773173293)  的消息: 这是一条测试消息！
 ... (1737767191) 
[2021-04-07 16:01:57] [INFO]: 当前版本:v0.9.40-fix4 
[2021-04-07 16:01:57] [INFO]: 用户交流群: 721829413 
[2021-04-07 16:01:57] [INFO]: 将使用 device.json 内的设备信息运行Bot. 
[2021-04-07 16:01:57] [INFO]: 开始尝试登录并同步消息... 
[2021-04-07 16:01:57] [INFO]: 使用协议: iPad 
[2021-04-07 16:01:57] [INFO]: Protocol -> connect to server: 120.232.18.82:8080 
[2021-04-07 16:01:57] [INFO]: Admin API 服务器已启动: 127.0.0.1:9999 
[2021-04-07 16:01:58] [INFO]: 登录成功 欢迎使用: 青柠微凉 
[2021-04-07 16:01:58] [INFO]: 开始加载好友列表... 
[2021-04-07 16:01:58] [INFO]: 共加载 5 个好友. 
[2021-04-07 16:01:58] [INFO]: 开始加载群列表... 
[2021-04-07 16:02:00] [INFO]: 共加载 2 个群. 
[2021-04-07 16:02:00] [INFO]: 信息数据库初始化完成. 
[2021-04-07 16:02:00] [INFO]: 正在加载事件过滤器. 
[2021-04-07 16:02:00] [WARNING]: 事件过滤器启动失败: open filter.json: The system cannot find the file specified. 
[2021-04-07 16:02:00] [INFO]: 资源初始化完成, 开始处理信息. 
[2021-04-07 16:02:00] [INFO]: アトリは、高性能ですから! 
[2021-04-07 16:02:00] [INFO]: CQ HTTP 服务器已启动: 0.0.0.0:5700 
[2021-04-07 16:02:00] [INFO]: CQ WebSocket 服务器已启动: 0.0.0.0:6700 
[2021-04-07 16:02:00] [INFO]: 正在检查更新. 
[2021-04-07 16:02:00] [INFO]: 接受 WebSocket 连接: 127.0.0.1:62837 (/) 
[2021-04-07 16:02:00] [INFO]: 发送好友 2773173293(2773173293)  的消息: 机器人成功启动 (278071681) 
[2021-04-07 16:02:01] [INFO]: 收到服务器地址更新通知, 根据配置文件已忽略. 
[2021-04-07 16:02:01] [INFO]: 当前有更新的 go-cqhttp 可供更新, 请前往 https://github.com/Mrs4s/go-cqhttp/releases 下载. 
[2021-04-07 16:02:01] [INFO]: 当前版本: v0.9.40-fix4 最新版本: v1.0.0-beta1 
[2021-04-07 16:02:22] [INFO]: 收到好友 0o酱(2773173293) 的消息: !test (1371835517) 
[2021-04-07 16:02:22] [INFO]: 发送好友 2773173293(2773173293)  的消息: 这是一条测试消息！
 ... (1737767191) 
[2021-04-07 16:03:41] [INFO]: 接受 WebSocket 连接: [::1]:62910 (/) 
[2021-04-07 16:03:41] [INFO]: 发送好友 2773173293(2773173293)  的消息: 机器人成功启动 (-101667660) 
[2021-04-07 16:03:54] [INFO]: 接受 WebSocket 连接: [::1]:62914 (/) 
[2021-04-07 16:03:54] [INFO]: 发送好友 2773173293(2773173293)  的消息: 机器人成功启动 (-1896375262) 
[2021-04-07 16:04:04] [INFO]: 收到好友 0o酱(2773173293) 的消息: !test (650362091) 
[2021-04-07 16:04:04] [INFO]: 发送好友 2773173293(2773173293)  的消息: 这是一条测试消息！
 ... (402574744) 
[2021-04-07 16:04:47] [INFO]: 接受 WebSocket 连接: [::1]:62936 (/) 
[2021-04-07 16:04:47] [INFO]: 发送好友 2773173293(2773173293)  的消息: 机器人成功启动 (1626995982) 
[2021-04-07 16:04:51] [INFO]: 收到好友 0o酱(2773173293) 的消息: !test (-1197004472) 
[2021-04-07 16:04:51] [INFO]: 发送好友 2773173293(2773173293)  的消息: 这是一条测试消息！
 ... (-263790433) 
[2021-04-07 16:05:29] [INFO]: 收到好友 0o酱(2773173293) 的消息: ! (-811591202) 
[2021-04-07 16:06:16] [INFO]: 接受 WebSocket 连接: [::1]:62961 (/) 
[2021-04-07 16:06:16] [INFO]: 发送好友 2773173293(2773173293)  的消息: 机器人成功启动 (-2025730039) 
[2021-04-07 16:06:18] [INFO]: 收到好友 0o酱(2773173293) 的消息: ! (1453934692) 
[2021-04-07 16:06:41] [INFO]: 收到好友 0o酱(2773173293) 的消息: !a (565082354) 
[2021-04-07 16:08:08] [INFO]: 接受 WebSocket 连接: [::1]:62995 (/) 
[2021-04-07 16:08:08] [INFO]: 发送好友 2773173293(2773173293)  的消息: 机器人成功启动 (-709870738) 
[2021-04-07 16:08:12] [INFO]: 收到好友 0o酱(2773173293) 的消息: ！test (-1324259997) 
[2021-04-07 16:08:17] [INFO]: 收到好友 0o酱(2773173293) 的消息: !test (-971614731) 
[2021-04-07 16:08:17] [INFO]: 发送好友 2773173293(2773173293)  的消息: 这是一条测试消息！
 ... (-1565062152) 
[2021-04-07 16:09:01] [INFO]: 接受 WebSocket 连接: [::1]:63019 (/) 
[2021-04-07 16:09:01] [INFO]: 发送好友 2773173293(2773173293)  的消息: 机器人成功启动 (1002330690) 
[2021-04-07 16:09:04] [INFO]: 收到好友 0o酱(2773173293) 的消息: !test (-1496196080) 
[2021-04-07 16:09:04] [INFO]: 发送好友 2773173293(2773173293)  的消息: 这是一条测试消息！
 ... (1287219924) 
[2021-04-07 16:09:31] [INFO]: 接受 WebSocket 连接: [::1]:63026 (/) 
[2021-04-07 16:09:31] [INFO]: 发送好友 2773173293(2773173293)  的消息: 机器人成功启动 (-757203081) 
[2021-04-07 16:09:36] [INFO]: 收到好友 0o酱(2773173293) 的消息: !test (-774443898) 
[2021-04-07 16:09:36] [INFO]: 发送好友 2773173293(2773173293)  的消息: 这是一条测试消息！
 ... (-1512386591) 
[2021-04-07 16:09:49] [INFO]: 接受 WebSocket 连接: [::1]:63032 (/) 
[2021-04-07 16:09:49] [INFO]: 发送好友 2773173293(2773173293)  的消息: 机器人成功启动 (1020501595) 
[2021-04-07 16:09:51] [INFO]: 收到好友 0o酱(2773173293) 的消息: !test (1222622524) 
[2021-04-07 16:09:51] [INFO]: 发送好友 2773173293(2773173293)  的消息: 这是一条测试消息！
 ... (1272229581) 
[2021-04-07 16:30:21] [INFO]: 接受 WebSocket 连接: [::1]:63977 (/) 
[2021-04-07 16:30:21] [INFO]: 发送好友 2773173293(2773173293)  的消息: 机器人成功启动 (-613698724) 
[2021-04-07 16:32:02] [INFO]: 接受 WebSocket 连接: [::1]:64016 (/) 
[2021-04-07 16:32:02] [INFO]: 发送好友 2773173293(2773173293)  的消息: 机器人成功启动 (-1402174518) 
[2021-04-07 16:32:10] [INFO]: 收到群 🌚(915796189) 内 0o酱(2773173293) 的消息: !复读机 (-1260877148) 
[2021-04-07 16:32:12] [INFO]: 收到群 🌚(915796189) 内 0o酱(2773173293) 的消息: 我是傻逼 (-1008747982) 
[2021-04-07 16:32:12] [INFO]: 发送群 915796189(915796189)  的消息: 我是傻逼 (-1558694953) 
[2021-04-07 16:32:15] [INFO]: 收到群 🌚(915796189) 内 0o酱(2773173293) 的消息: 好欸 (-736165055) 
[2021-04-07 16:32:15] [INFO]: 发送群 915796189(915796189)  的消息: 好欸 (1293308667) 
[2021-04-07 16:32:19] [INFO]: 收到群 🌚(915796189) 内 0o酱(2773173293) 的消息: 是复读机 (974217837) 
[2021-04-07 16:32:20] [INFO]: 发送群 915796189(915796189)  的消息: 是复读机 (-1535772722) 
[2021-04-07 16:32:21] [INFO]: 收到群 🌚(915796189) 内 0o酱(2773173293) 的消息: :D (-747452584) 
[2021-04-07 16:32:21] [INFO]: 发送群 915796189(915796189)  的消息: :D (1249613538) 
[2021-04-07 16:32:24] [INFO]: 收到群 🌚(915796189) 内 0o酱(2773173293) 的消息: [CQ:image,file=c531aba24e0a84e244130eb3aac908cc.image] (1031579252) 
[2021-04-07 16:32:25] [INFO]: 发送群 915796189(915796189)  的消息: [CQ:image, ... (-1379681307) 
[2021-04-07 16:32:32] [INFO]: 收到群 🌚(915796189) 内 0o酱(2773173293) 的消息: 关闭复读机 (-624653453) 
[2021-04-07 16:32:36] [INFO]: 收到群 🌚(915796189) 内 0o酱(2773173293) 的消息: 啊吧啊吧 (-329669360) 
[2021-04-07 16:49:21] [INFO]: 收到群 🌚(915796189) 内 0o酱(2773173293) 的消息: ！复读机 (-1688300154) 
[2021-04-07 16:49:25] [INFO]: 收到群 🌚(915796189) 内 0o酱(2773173293) 的消息: 啊吧啊吧 (39306300) 
[2021-04-07 16:49:35] [INFO]: 收到群 🌚(915796189) 内 0o酱(2773173293) 的消息: !复读机 (1968239786) 
[2021-04-07 16:49:38] [INFO]: 收到群 🌚(915796189) 内 0o酱(2773173293) 的消息: 123123 (-348888823) 
[2021-04-07 16:49:38] [INFO]: 发送群 915796189(915796189)  的消息: 123123 (-1674358369) 
[2021-04-07 16:50:50] [INFO]: 收到群 🌚(915796189) 内 来做喵？(1071814607) 的消息: 1 (87687205) 
[2021-04-07 16:50:50] [INFO]: 发送群 915796189(915796189)  的消息: 1 (1916612787) 
[2021-04-07 16:58:20] [INFO]: 收到群 🌚(915796189) 内 0o酱(2773173293) 的消息: [CQ:forward,id=GkfjzftxScHvKQxJYNAcw4hL8ZRlp0vSv6E0r9Ia84/ImBMROpzvEJ9bQL6diBS7] (-494785246) 
[2021-04-07 16:58:22] [INFO]: 发送群 915796189(915796189)  的消息: [CQ:forwar ... (-1786438220) 
[2021-04-07 16:59:38] [INFO]: 收到群 🌚(915796189) 内 0o酱(2773173293) 的消息: &#91;&#91;应用&#93;天气&#93;请使用最新版本手机QQ查看[CQ:json,data={"app":"com.tencent.weather"&#44;"desc":"天气"&#44;"view":"RichInfoView"&#44;"ver":"0.0.0.1"&#44;"prompt":"&#91;应用&#93;天气"&#44;"meta":{"richinfo":{"adcode":""&#44;"city":"地府"&#44;"air":"5"&#44;"min":"-270"&#44;"ts":"15158613"&#44;"wind":""&#44;"date":"114514"&#44;"max":"12138"&#44;"type":"205"}}}] (-180186031) 
[2021-04-07 16:59:38] [INFO]: 发送群 915796189(915796189)  的消息: &#91;&#91; ... (-2109365049) 
[2021-04-07 17:00:21] [INFO]: 收到群 🌚(915796189) 内 0o酱(2773173293) 的消息: [CQ:face,id=307]👀[CQ:face,id=146][CQ:face,id=271] (458028413) 
[2021-04-07 17:00:21] [INFO]: 发送群 915796189(915796189)  的消息: [CQ:face,i ... (1816905195) 
[2021-04-07 17:00:23] [INFO]: 收到群 🌚(915796189) 内 0o酱(2773173293) 的消息: [CQ:face,id=307]👀[CQ:face,id=146][CQ:face,id=271] (-231780280) 
[2021-04-07 17:00:24] [INFO]: 发送群 915796189(915796189)  的消息: [CQ:face,i ... (-2060951330) 
[2021-04-07 17:00:25] [INFO]: 收到群 🌚(915796189) 内 0o酱(2773173293) 的消息: [CQ:face,id=307]👀[CQ:face,id=146][CQ:face,id=271] (471937380) 
[2021-04-07 17:00:26] [INFO]: 发送群 915796189(915796189)  的消息: [CQ:face,i ... (1797652978) 
[2021-04-07 17:00:27] [INFO]: 收到群 🌚(915796189) 内 0o酱(2773173293) 的消息: [CQ:face,id=307]👀[CQ:face,id=146][CQ:face,id=271] (-73851805) 
[2021-04-07 17:00:27] [INFO]: 发送群 915796189(915796189)  的消息: [CQ:face,i ... (-1935790859) 
[2021-04-07 17:00:30] [INFO]: 收到群 🌚(915796189) 内 0o酱(2773173293) 的消息: [CQ:face,id=307]👀[CQ:face,id=146][CQ:face,id=271] (-563099758) 
[2021-04-07 17:00:30] [INFO]: 发送群 915796189(915796189)  的消息: [CQ:face,i ... (-1452738812) 
[2021-04-07 17:00:31] [INFO]: 收到群 🌚(915796189) 内 0o酱(2773173293) 的消息: [CQ:face,id=307]👀[CQ:face,id=146][CQ:face,id=271] (811706046) 
[2021-04-07 17:00:31] [INFO]: 发送群 915796189(915796189)  的消息: [CQ:face,i ... (1197905448) 
[2021-04-07 17:00:33] [INFO]: 收到群 🌚(915796189) 内 0o酱(2773173293) 的消息: [CQ:face,id=307]👀[CQ:face,id=146][CQ:face,id=271] (-654179445) 
[2021-04-07 17:00:33] [INFO]: 发送群 915796189(915796189)  的消息: [CQ:face,i ... (-1375390947) 
[2021-04-07 17:00:34] [INFO]: 收到群 🌚(915796189) 内 0o酱(2773173293) 的消息: [CQ:face,id=307]👀[CQ:face,id=146][CQ:face,id=271] (923558567) 
[2021-04-07 17:00:35] [INFO]: 发送群 915796189(915796189)  的消息: [CQ:face,i ... (1074483761) 
[2021-04-07 17:00:35] [INFO]: 收到群 🌚(915796189) 内 0o酱(2773173293) 的消息: [CQ:face,id=307]👀[CQ:face,id=146][CQ:face,id=271] (-793489504) 
[2021-04-07 17:00:35] [INFO]: 发送群 915796189(915796189)  的消息: [CQ:face,i ... (-1481408714) 
[2021-04-07 17:00:37] [INFO]: 收到群 🌚(915796189) 内 0o酱(2773173293) 的消息: [CQ:face,id=307]👀[CQ:face,id=146][CQ:face,id=271] (-948635949) 
[2021-04-07 17:00:37] [INFO]: 发送群 915796189(915796189)  的消息: [CQ:face,i ... (-1334589883) 
[2021-04-07 17:00:38] [INFO]: 收到群 🌚(915796189) 内 0o酱(2773173293) 的消息: [CQ:face,id=307]👀[CQ:face,id=146][CQ:face,id=271] (695900159) 
[2021-04-07 17:00:38] [INFO]: 发送群 915796189(915796189)  的消息: [CQ:face,i ... (1585293161) 
[2021-04-07 17:00:39] [INFO]: 收到群 🌚(915796189) 内 0o酱(2773173293) 的消息: [CQ:face,id=307]👀[CQ:face,id=146][CQ:face,id=271] (-1072090422) 
[2021-04-07 17:00:39] [INFO]: 发送群 915796189(915796189)  的消息: [CQ:face,i ... (-1222770084) 
[2021-04-07 17:00:39] [INFO]: 收到群 🌚(915796189) 内 0o酱(2773173293) 的消息: [CQ:face,id=307]👀[CQ:face,id=146][CQ:face,id=271] (773280742) 
[2021-04-07 17:00:40] [INFO]: 发送群 915796189(915796189)  的消息: [CQ:face,i ... (1494246256) 
[2021-04-07 17:00:40] [INFO]: 收到群 🌚(915796189) 内 0o酱(2773173293) 的消息: [CQ:face,id=307]👀[CQ:face,id=146][CQ:face,id=271] (-911245599) 
[2021-04-07 17:00:41] [INFO]: 发送群 915796189(915796189)  的消息: [CQ:face,i ... (-1096266121) 
[2021-04-07 17:00:43] [INFO]: 收到群 🌚(915796189) 内 qwq(2996880538) 的消息: [CQ:face,id=307]👀[CQ:face,id=146][CQ:face,id=271] (1089268252) 
[2021-04-07 17:00:43] [INFO]: 发送群 915796189(915796189)  的消息: [CQ:face,i ... (938203786) 
[2021-04-07 17:00:58] [INFO]: 收到群 🌚(915796189) 内 来做喵？(1071814607) 的消息: [CQ:face,id=307]👀[CQ:face,id=146][CQ:face,id=271] (-1360884944) 
[2021-04-07 17:00:58] [INFO]: 发送群 915796189(915796189)  的消息: [CQ:face,i ... (-639255642) 
[2021-04-07 17:01:08] [INFO]: 收到群 🌚(915796189) 内 0o酱(2773173293) 的消息: [CQ:face,id=307]👀[CQ:face,id=146][CQ:face,id=271] (1199648261) 
[2021-04-07 17:01:08] [INFO]: 发送群 915796189(915796189)  的消息: [CQ:face,i ... (814096019) 
[2021-04-07 17:01:08] [INFO]: 收到群 🌚(915796189) 内 0o酱(2773173293) 的消息: [CQ:face,id=307]👀[CQ:face,id=146][CQ:face,id=271] (-1450225879) 
[2021-04-07 17:01:08] [INFO]: 收到群 🌚(915796189) 内 0o酱(2773173293) 的消息: [CQ:face,id=307]👀[CQ:face,id=146][CQ:face,id=271] (-561479745) 
[2021-04-07 17:01:09] [INFO]: 收到群 🌚(915796189) 内 0o酱(2773173293) 的消息: [CQ:face,id=307]👀[CQ:face,id=146][CQ:face,id=271] (959468216) 
[2021-04-07 17:01:09] [INFO]: 发送群 915796189(915796189)  的消息: [CQ:face,i ... (1312252462) 
[2021-04-07 17:01:09] [INFO]: 发送群 915796189(915796189)  的消息: [CQ:face,i ... (1509415773) 
[2021-04-07 17:01:09] [INFO]: 发送群 915796189(915796189)  的消息: [CQ:face,i ... (787540939) 
[2021-04-07 17:01:09] [INFO]: 收到群 🌚(915796189) 内 0o酱(2773173293) 的消息: [CQ:face,id=307]👀[CQ:face,id=146][CQ:face,id=271] (-1208370575) 
[2021-04-07 17:01:09] [INFO]: 发送群 915796189(915796189)  的消息: [CQ:face,i ... (-1057060121) 
[2021-04-07 17:01:09] [INFO]: 收到群 🌚(915796189) 内 0o酱(2773173293) 的消息: [CQ:face,id=307]👀[CQ:face,id=146][CQ:face,id=271] (1587158852) 
[2021-04-07 17:01:09] [INFO]: 发送群 915796189(915796189)  的消息: [CQ:face,i ... (698167250) 
[2021-04-07 17:01:09] [INFO]: 收到群 🌚(915796189) 内 0o酱(2773173293) 的消息: [CQ:face,id=307]👀[CQ:face,id=146][CQ:face,id=271] (-1332445592) 
[2021-04-07 17:01:09] [INFO]: 收到群 🌚(915796189) 内 0o酱(2773173293) 的消息: [CQ:face,id=307]👀[CQ:face,id=146][CQ:face,id=271] (-946647298) 
[2021-04-07 17:01:09] [INFO]: 发送群 915796189(915796189)  的消息: [CQ:face,i ... (1462522735) 
[2021-04-07 17:01:09] [INFO]: 发送群 915796189(915796189)  的消息: [CQ:face,i ... (539714553) 
[2021-04-07 17:01:09] [INFO]: 收到群 🌚(915796189) 内 0o酱(2773173293) 的消息: [CQ:face,id=307]👀[CQ:face,id=146][CQ:face,id=271] (-1921354095) 
[2021-04-07 17:01:09] [INFO]: 发送群 915796189(915796189)  的消息: [CQ:face,i ... (-92453369) 
[2021-04-07 17:01:09] [INFO]: 收到群 🌚(915796189) 内 0o酱(2773173293) 的消息: [CQ:face,id=307]👀[CQ:face,id=146][CQ:face,id=271] (1668552637) 
[2021-04-07 17:01:10] [INFO]: 收到群 🌚(915796189) 内 0o酱(2773173293) 的消息: [CQ:face,id=307]👀[CQ:face,id=146][CQ:face,id=271] (-1978158456) 
[2021-04-07 17:01:10] [INFO]: 发送群 915796189(915796189)  的消息: [CQ:face,i ... (343090987) 
[2021-04-07 17:01:10] [INFO]: 收到群 🌚(915796189) 内 0o酱(2773173293) 的消息: [CQ:face,id=307]👀[CQ:face,id=146][CQ:face,id=271] (-49249762) 
[2021-04-07 17:01:10] [INFO]: 发送群 915796189(915796189)  的消息: [CQ:face,i ... (1679414180) 
[2021-04-07 17:01:10] [INFO]: 收到群 🌚(915796189) 内 0o酱(2773173293) 的消息: [CQ:face,id=307]👀[CQ:face,id=146][CQ:face,id=271] (-2086535517) 
[2021-04-07 17:01:10] [INFO]: 发送群 915796189(915796189)  的消息: [CQ:face,i ... (320791346) 
[2021-04-07 17:01:10] [INFO]: 收到群 🌚(915796189) 内 0o酱(2773173293) 的消息: [CQ:face,id=307]👀[CQ:face,id=146][CQ:face,id=271] (-190394827) 
[2021-04-07 17:01:10] [INFO]: 收到群 🌚(915796189) 内 0o酱(2773173293) 的消息: [CQ:face,id=307]👀[CQ:face,id=146][CQ:face,id=271] (-479824058) 
[2021-04-07 17:01:10] [INFO]: 发送群 915796189(915796189)  的消息: [CQ:face,i ... (-1805563952) 
[2021-04-07 17:01:10] [INFO]: 发送群 915796189(915796189)  的消息: [CQ:face,i ... (224925290) 
[2021-04-07 17:01:10] [INFO]: 发送群 915796189(915796189)  的消息: [CQ:face,i ... (2054104828) 
[2021-04-07 17:01:10] [INFO]: 收到群 🌚(915796189) 内 0o酱(2773173293) 的消息: [CQ:face,id=307]👀[CQ:face,id=146][CQ:face,id=271] (-1827896375) 
[2021-04-07 17:01:10] [INFO]: 收到群 🌚(915796189) 内 0o酱(2773173293) 的消息: [CQ:face,id=307]👀[CQ:face,id=146][CQ:face,id=271] (2097341157) 
[2021-04-07 17:01:10] [INFO]: 发送群 915796189(915796189)  的消息: [CQ:face,i ... (-468995233) 
[2021-04-07 17:01:10] [INFO]: 收到群 🌚(915796189) 内 0o酱(2773173293) 的消息: [CQ:face,id=307]👀[CQ:face,id=146][CQ:face,id=271] (168153715) 
[2021-04-07 17:01:11] [INFO]: 发送群 915796189(915796189)  的消息: [CQ:face,i ... (-1699033118) 
[2021-04-07 17:01:11] [INFO]: 收到群 🌚(915796189) 内 0o酱(2773173293) 的消息: [CQ:face,id=307]👀[CQ:face,id=146][CQ:face,id=271] (-306315404) 
[2021-04-07 17:01:11] [INFO]: 发送群 915796189(915796189)  的消息: [CQ:face,i ... (-1085533165) 
[2021-04-07 17:01:11] [INFO]: 收到群 🌚(915796189) 内 0o酱(2773173293) 的消息: [CQ:face,id=307]👀[CQ:face,id=146][CQ:face,id=271] (-934599547) 
[2021-04-07 17:01:11] [INFO]: 发送群 915796189(915796189)  的消息: [CQ:face,i ... (1363309887) 
[2021-04-07 17:01:11] [INFO]: 收到群 🌚(915796189) 内 0o酱(2773173293) 的消息: [CQ:face,id=307]👀[CQ:face,id=146][CQ:face,id=271] (-1205743606) 
[2021-04-07 17:01:11] [INFO]: 发送群 915796189(915796189)  的消息: [CQ:face,i ... (642074025) 
[2021-04-07 17:01:11] [INFO]: 收到群 🌚(915796189) 内 0o酱(2773173293) 的消息: [CQ:face,id=307]👀[CQ:face,id=146][CQ:face,id=271] (-819535716) 
[2021-04-07 17:01:11] [INFO]: 发送群 915796189(915796189)  的消息: [CQ:face,i ... (556302768) 
[2021-04-07 17:01:11] [INFO]: 发送群 915796189(915796189)  的消息: [CQ:face,i ... (1445966118) 
[2021-04-07 17:01:11] [INFO]: 收到群 🌚(915796189) 内 0o酱(2773173293) 的消息: [CQ:face,id=307]👀[CQ:face,id=146][CQ:face,id=271] (-1315464159) 
[2021-04-07 17:01:11] [INFO]: 收到群 🌚(915796189) 内 0o酱(2773173293) 的消息: [CQ:face,id=307]👀[CQ:face,id=146][CQ:face,id=271] (-963597129) 
[2021-04-07 17:01:11] [INFO]: 发送群 915796189(915796189)  的消息: [CQ:face,i ... (-1504238254) 
[2021-04-07 17:01:11] [INFO]: 收到群 🌚(915796189) 内 0o酱(2773173293) 的消息: [CQ:face,id=307]👀[CQ:face,id=146][CQ:face,id=271] (-783280700) 
[2021-04-07 17:01:12] [INFO]: 发送群 915796189(915796189)  的消息: [CQ:face,i ... (1213809790) 
[2021-04-07 17:01:12] [INFO]: 收到群 🌚(915796189) 内 0o酱(2773173293) 的消息: [CQ:face,id=307]👀[CQ:face,id=146][CQ:face,id=271] (1063154920) 
[2021-04-07 17:01:12] [INFO]: 收到群 🌚(915796189) 内 0o酱(2773173293) 的消息: [CQ:face,id=307]👀[CQ:face,id=146][CQ:face,id=271] (-1589976757) 
[2021-04-07 17:01:12] [INFO]: 发送群 915796189(915796189)  的消息: [CQ:face,i ... (-700591651) 
[2021-04-07 17:01:12] [INFO]: 发送群 915796189(915796189)  的消息: [CQ:face,i ... (1328840807) 
[2021-04-07 17:01:12] [INFO]: 发送群 915796189(915796189)  的消息: [CQ:face,i ... (942911729) 
[2021-04-07 17:01:16] [INFO]: 收到群 🌚(915796189) 内 qwq(2996880538) 的消息: [CQ:face,id=307]👀[CQ:face,id=146][CQ:face,id=271] (-1467175584) 
[2021-04-07 17:01:16] [INFO]: 发送群 915796189(915796189)  的消息: [CQ:face,i ... (-544498186) 
[2021-04-07 17:01:18] [INFO]: 收到群 🌚(915796189) 内 qwq(2996880538) 的消息: [CQ:face,id=307]👀[CQ:face,id=146][CQ:face,id=271] (-384388203) 
[2021-04-07 17:01:19] [INFO]: 发送群 915796189(915796189)  的消息: [CQ:face,i ... (-1643019517) 
[2021-04-07 17:01:19] [INFO]: 收到群 🌚(915796189) 内 qwq(2996880538) 的消息: [CQ:face,id=307]👀[CQ:face,id=146][CQ:face,id=271] (119067321) 
[2021-04-07 17:01:19] [INFO]: 发送群 915796189(915796189)  的消息: [CQ:face,i ... (1881137711) 
[2021-04-07 17:01:20] [INFO]: 收到群 🌚(915796189) 内 qwq(2996880538) 的消息: [CQ:face,id=307]👀[CQ:face,id=146][CQ:face,id=271] (-293898356) 
[2021-04-07 17:01:20] [INFO]: 发送群 915796189(915796189)  的消息: [CQ:face,i ... (-1719908582) 
[2021-04-07 17:01:21] [INFO]: 收到群 🌚(915796189) 内 qwq(2996880538) 的消息: [CQ:face,id=307]👀[CQ:face,id=146][CQ:face,id=271] (7673504) 
[2021-04-07 17:01:21] [INFO]: 发送群 915796189(915796189)  的消息: [CQ:face,i ... (2003969590) 
[2021-04-07 17:01:21] [INFO]: 收到群 🌚(915796189) 内 qwq(2996880538) 的消息: [CQ:face,id=307]👀[CQ:face,id=146][CQ:face,id=271] (-405980249) 
[2021-04-07 17:01:21] [INFO]: 发送群 915796189(915796189)  的消息: [CQ:face,i ... (-1865807055) 
[2021-04-07 17:01:22] [INFO]: 收到群 🌚(915796189) 内 qwq(2996880538) 的消息: [CQ:face,id=307]👀[CQ:face,id=146][CQ:face,id=271] (-267549996) 
[2021-04-07 17:01:22] [INFO]: 发送群 915796189(915796189)  的消息: [CQ:face,i ... (-2029342142) 
[2021-04-07 17:01:22] [INFO]: 收到群 🌚(915796189) 内 qwq(2996880538) 的消息: [CQ:face,id=307]👀[CQ:face,id=146][CQ:face,id=271] (503571448) 
[2021-04-07 17:01:22] [INFO]: 发送群 915796189(915796189)  的消息: [CQ:face,i ... (1761923950) 
[2021-04-07 17:01:24] [INFO]: 收到群 🌚(915796189) 内 qwq(2996880538) 的消息: [CQ:face,id=307]👀[CQ:face,id=146][CQ:face,id=271] (-144685363) 
[2021-04-07 17:01:24] [INFO]: 发送群 915796189(915796189)  的消息: [CQ:face,i ... (-2140703141) 
[2021-04-07 17:01:25] [INFO]: 收到群 🌚(915796189) 内 qwq(2996880538) 的消息: [CQ:face,id=307]👀[CQ:face,id=146][CQ:face,id=271] (426649569) 
[2021-04-07 17:01:25] [INFO]: 发送群 915796189(915796189)  的消息: [CQ:face,i ... (1852381047) 
[2021-04-07 17:01:26] [INFO]: 收到群 🌚(915796189) 内 qwq(2996880538) 的消息: [CQ:face,id=307]👀[CQ:face,id=146][CQ:face,id=271] (-19526938) 
[2021-04-07 17:01:26] [INFO]: 发送群 915796189(915796189)  的消息: [CQ:face,i ... (-1982776720) 
[2021-04-07 17:01:26] [INFO]: 收到群 🌚(915796189) 内 qwq(2996880538) 的消息: [CQ:face,id=307]👀[CQ:face,id=146][CQ:face,id=271] (-618606313) 
[2021-04-07 17:01:26] [INFO]: 收到群 🌚(915796189) 内 0o酱(2773173293) 的消息: [CQ:image,file=627fdc6a049cb0f6b3f4cccf17b312f5.image] (-1406672511) 
[2021-04-07 17:01:26] [INFO]: 发送群 915796189(915796189)  的消息: [CQ:face,i ... (892252219) 
[2021-04-07 17:01:28] [INFO]: 收到群 🌚(915796189) 内 0o酱(2773173293) 的消息: [CQ:image,file=627fdc6a049cb0f6b3f4cccf17b312f5.image] (1110016173) 
[2021-04-07 17:01:28] [INFO]: 发送群 915796189(915796189)  的消息: [CQ:image, ... (-598928114) 
[2021-04-07 17:01:29] [INFO]: 发送群 915796189(915796189)  的消息: [CQ:image, ... (-1421204072) 
[2021-04-07 17:01:36] [INFO]: 收到群 🌚(915796189) 内 0o酱(2773173293) 的消息: &#91;吃饭&#93; (843281442) 
[2021-04-07 17:01:36] [INFO]: 发送群 915796189(915796189)  的消息: &#91;吃饭&#9 ... (1162101940) 
[2021-04-07 17:01:36] [INFO]: 收到群 🌚(915796189) 内 qwq(2996880538) 的消息: [CQ:image,file=5a8b3d4c96ac45e3d42945f64cdff6cc.image] (-704947931) 
[2021-04-07 17:01:37] [INFO]: 发送群 915796189(915796189)  的消息: [CQ:image, ... (-1560516173) 
[2021-04-07 17:01:45] [INFO]: 收到群 🌚(915796189) 内 qwq(2996880538) 的消息: [CQ:image,file=dfdcca95ad83fe125bc7bc408409f1de.image] (-1036263338) 
[2021-04-07 17:01:45] [INFO]: 发送群 915796189(915796189)  的消息: [CQ:image, ... (-1254305600) 
[2021-04-07 17:01:50] [INFO]: 收到群 🌚(915796189) 内 0o酱(2773173293) 的消息: [CQ:image,file=95e24ad20b31910f85bc988e57489825.image] (741704058) 
[2021-04-07 17:01:50] [INFO]: 收到群 🌚(915796189) 内 qwq(2996880538) 的消息: [CQ:image,file=10bf4a7d00278338f33ec4a64b982952.image] (1530049004) 
[2021-04-07 17:01:51] [INFO]: 发送群 915796189(915796189)  的消息: [CQ:image, ... (-984210353) 
[2021-04-07 17:01:52] [INFO]: 发送群 915796189(915796189)  的消息: [CQ:image, ... (-1303309095) 
[2021-04-07 17:01:56] [INFO]: 收到群 🌚(915796189) 内 qwq(2996880538) 的消息: [CQ:image,file=d8f3c4a0bdbd8346b80ff2de71b63ac6.image] (727205219) 
[2021-04-07 17:01:56] [INFO]: 收到群 🌚(915796189) 内 0o酱(2773173293) 的消息: 吴优发色图 (1549759989) 
[2021-04-07 17:01:56] [INFO]: 发送群 915796189(915796189)  的消息: 吴优发色图 (-857708444) 
[2021-04-07 17:01:58] [INFO]: 收到群 🌚(915796189) 内 0o酱(2773173293) 的消息: 吴优发色图 (-1142466318) 
[2021-04-07 17:01:58] [INFO]: 发送群 915796189(915796189)  的消息: 吴优发色图 (849660943) 
[2021-04-07 17:01:58] [INFO]: 发送群 915796189(915796189)  的消息: [CQ:image, ... (1168374937) 
[2021-04-07 17:02:16] [INFO]: 收到群 🌚(915796189) 内 qwq(2996880538) 的消息: [CQ:image,file=93676493287246de303ceeca2a7b735e.image] (-1414685259) 
[2021-04-07 17:02:17] [INFO]: 发送群 915796189(915796189)  的消息: [CQ:image, ... (-592794333) 
[2021-04-07 17:03:14] [INFO]: 收到群 🌚(915796189) 内 0o酱(2773173293) 的消息: [CQ:image,file=ba11bf954008a64481644b1e149d052d.image] (1120811136) 
[2021-04-07 17:03:14] [INFO]: 发送群 915796189(915796189)  的消息: [CQ:image, ... (902367254) 
[2021-04-07 17:09:58] [INFO]: 收到群 🌚(915796189) 内 0o酱(2773173293) 的消息: 关闭复读机 (-1396680276) 
[2021-04-07 17:10:01] [INFO]: 收到群 🌚(915796189) 内 0o酱(2773173293) 的消息: [CQ:face,id=271] (-607688390) 
[2021-04-07 17:34:46] [INFO]: 收到群 🌚(915796189) 内 qwq(2996880538) 的消息: [CQ:image,file=f0af5b5a7c2367b1bf37bd130af1497c.image] (1266185387) 
[2021-04-07 20:13:15] [INFO]: 收到群 🌚(915796189) 内 来做喵？(1071814607) 的消息: !roll 吃饭 睡觉 洗澡 拉粑粑 玩游戏 臭豆腐 加柠檬 (1014973501) 
[2021-04-07 20:13:16] [INFO]: 收到群 🌚(915796189) 内 名字还没想好(3044750093) 的消息: 臭豆腐 (1555615192) 
[2021-04-07 20:13:31] [INFO]: 收到群 🌚(915796189) 内 来做喵？(1071814607) 的消息: !roll (734002510) 
[2021-04-07 20:13:31] [INFO]: 收到群 🌚(915796189) 内 名字还没想好(3044750093) 的消息: 97 (-1296651020) 
[2021-04-07 20:13:36] [INFO]: 收到群 🌚(915796189) 内 来做喵？(1071814607) 的消息: !roll (-978215838) 
[2021-04-07 20:13:36] [INFO]: 收到群 🌚(915796189) 内 名字还没想好(3044750093) 的消息: 50 (1540688321) 
[2021-04-07 20:13:42] [INFO]: 收到群 🌚(915796189) 内 来做喵？(1071814607) 的消息: !roll -2 (751974743) 
[2021-04-07 20:13:42] [INFO]: 收到群 🌚(915796189) 内 名字还没想好(3044750093) 的消息: 参数错误 (-1243911955) 
[2021-04-07 20:15:09] [INFO]: 收到群 🌚(915796189) 内 0o酱(2773173293) 的消息: !复读机 (-1025746821) 
[2021-04-07 20:15:11] [INFO]: 收到群 🌚(915796189) 内 0o酱(2773173293) 的消息: wssb (1382237674) 
[2021-04-07 20:15:12] [INFO]: 发送群 915796189(915796189)  的消息: wssb (627340668) 
[2021-04-07 20:15:17] [INFO]: 收到群 🌚(915796189) 内 0o酱(2773173293) 的消息: [CQ:image,file=b016ab90d3b383cd00a0a5ad15edae39.image] (-1934091098) 
[2021-04-07 20:15:17] [INFO]: 发送群 915796189(915796189)  的消息: [CQ:image, ... (-71357392) 
[2021-04-07 20:15:25] [INFO]: 收到群 🌚(915796189) 内 0o酱(2773173293) 的消息: !roll 吃饭 睡觉 洗澡 拉粑粑 玩游戏 臭豆腐 加柠檬 (1656126858) 
[2021-04-07 20:15:25] [INFO]: 收到群 🌚(915796189) 内 名字还没想好(3044750093) 的消息: 洗澡 (363941148) 
[2021-04-07 20:15:25] [INFO]: 发送群 915796189(915796189)  的消息: 洗澡 (-1948919617) 
[2021-04-07 20:15:32] [INFO]: 收到群 🌚(915796189) 内 0o酱(2773173293) 的消息: ! (-53286871) 
[2021-04-07 20:15:35] [INFO]: 收到群 🌚(915796189) 内 0o酱(2773173293) 的消息: !!!! (1708898707) 
[2021-04-07 20:15:43] [INFO]: 收到群 🌚(915796189) 内 0o酱(2773173293) 的消息: ！roll 吃饭 睡觉 洗澡 拉粑粑 玩游戏 臭豆腐 加柠檬 (316442885) 
[2021-04-07 20:15:43] [INFO]: 收到群 🌚(915796189) 内 名字还没想好(3044750093) 的消息: 洗澡 (-2107403116) 
[2021-04-07 20:15:43] [INFO]: 发送群 915796189(915796189)  的消息: 洗澡 (-177953790) 
[2021-04-07 20:15:54] [INFO]: 收到群 🌚(915796189) 内 来做喵？(1071814607) 的消息: wssb (-1784467993) 
[2021-04-07 20:15:55] [INFO]: 发送群 915796189(915796189)  的消息: wssb (-492561039) 
