[2021-04-06 18:28:18] [INFO]: 当前版本:v0.9.40-fix4 
[2021-04-06 18:28:18] [INFO]: 用户交流群: 721829413 
[2021-04-06 18:28:18] [INFO]: 将使用 device.json 内的设备信息运行Bot. 
[2021-04-06 18:28:18] [INFO]: Bot将在5秒后登录并开始信息处理, 按 Ctrl+C 取消. 
[2021-04-06 18:28:23] [INFO]: 开始尝试登录并同步消息... 
[2021-04-06 18:28:23] [INFO]: 使用协议: iPad 
[2021-04-06 18:28:23] [INFO]: Protocol -> connect to server: 120.232.18.61:8080 
[2021-04-06 18:28:23] [INFO]: Admin API 服务器已启动: 127.0.0.1:9999 
[2021-04-06 18:28:24] [FATAL]: 账号被冻结, 放弃重连 
[2021-04-06 18:41:43] [INFO]: 当前版本:v0.9.40-fix4 
[2021-04-06 18:41:43] [INFO]: 用户交流群: 721829413 
[2021-04-06 18:41:43] [INFO]: 将使用 device.json 内的设备信息运行Bot. 
[2021-04-06 18:41:43] [INFO]: Bot将在5秒后登录并开始信息处理, 按 Ctrl+C 取消. 
[2021-04-06 18:41:48] [INFO]: 当前版本:v0.9.40-fix4 
[2021-04-06 18:41:48] [INFO]: 用户交流群: 721829413 
[2021-04-06 18:41:48] [INFO]: 将使用 device.json 内的设备信息运行Bot. 
[2021-04-06 18:41:48] [INFO]: 开始尝试登录并同步消息... 
[2021-04-06 18:41:48] [INFO]: 使用协议: iPad 
[2021-04-06 18:41:48] [INFO]: Protocol -> connect to server: 120.232.18.28:8080 
[2021-04-06 18:41:48] [INFO]: Admin API 服务器已启动: 127.0.0.1:9999 
[2021-04-06 18:41:48] [WARNING]: 账号已开启设备锁，请选择验证方式: 
[2021-04-06 18:41:48] [WARNING]: 1. 向手机 173******07 发送短信验证码 
[2021-04-06 18:41:48] [WARNING]: 2. 使用手机QQ扫码验证. 
[2021-04-06 18:41:48] [WARNING]: 请输入(1 - 2)： 
[2021-04-06 18:41:54] [WARNING]: 请输入短信验证码： (Enter 提交) 
[2021-04-06 18:42:09] [INFO]: 登录成功 欢迎使用: 青柠微凉 
[2021-04-06 18:42:09] [INFO]: 开始加载好友列表... 
[2021-04-06 18:42:09] [INFO]: 共加载 5 个好友. 
[2021-04-06 18:42:09] [INFO]: 开始加载群列表... 
[2021-04-06 18:42:10] [INFO]: 共加载 2 个群. 
[2021-04-06 18:42:10] [INFO]: 信息数据库初始化完成. 
[2021-04-06 18:42:10] [INFO]: 正在加载事件过滤器. 
[2021-04-06 18:42:10] [WARNING]: 事件过滤器启动失败: open filter.json: The system cannot find the file specified. 
[2021-04-06 18:42:10] [INFO]: 资源初始化完成, 开始处理信息. 
[2021-04-06 18:42:10] [INFO]: アトリは、高性能ですから! 
[2021-04-06 18:42:10] [INFO]: 正在检查更新. 
[2021-04-06 18:42:10] [INFO]: CQ WebSocket 服务器已启动: 0.0.0.0:6700 
[2021-04-06 18:42:10] [INFO]: CQ HTTP 服务器已启动: 0.0.0.0:5700 
[2021-04-06 18:42:12] [INFO]: 收到服务器地址更新通知, 根据配置文件已忽略. 
[2021-04-06 18:42:12] [INFO]: 当前有更新的 go-cqhttp 可供更新, 请前往 https://github.com/Mrs4s/go-cqhttp/releases 下载. 
[2021-04-06 18:42:12] [INFO]: 当前版本: v0.9.40-fix4 最新版本: v1.0.0-beta1 
[2021-04-06 18:42:17] [INFO]: 接受 WebSocket 连接: [::1]:61847 (/) 
[2021-04-06 18:42:17] [INFO]: 发送好友 2773173293(2773173293)  的消息: 机器人成功启动 (278071681) 
[2021-04-06 18:42:24] [INFO]: 收到好友 0o酱(2773173293) 的消息: !test (246592569) 
[2021-04-06 18:42:55] [INFO]: 接受 WebSocket 连接: [::1]:61868 (/) 
[2021-04-06 18:42:55] [INFO]: 发送好友 2773173293(2773173293)  的消息: 机器人成功启动 (1737767191) 
[2021-04-06 18:43:00] [INFO]: 接受 WebSocket 连接: [::1]:61869 (/) 
[2021-04-06 18:43:00] [INFO]: 发送好友 2773173293(2773173293)  的消息: 机器人成功启动 (-101667660) 
[2021-04-06 18:43:05] [INFO]: 收到好友 0o酱(2773173293) 的消息: !test (-1643271768) 
[2021-04-06 18:48:59] [INFO]: 接受 WebSocket 连接: [::1]:62146 (/) 
[2021-04-06 18:48:59] [INFO]: 发送好友 2773173293(2773173293)  的消息: 机器人成功启动 (-1896375262) 
[2021-04-06 18:49:03] [INFO]: 收到好友 0o酱(2773173293) 的消息: ！test (-385181378) 
[2021-04-06 18:49:55] [INFO]: 接受 WebSocket 连接: [::1]:62173 (/) 
[2021-04-06 18:49:55] [INFO]: 发送好友 2773173293(2773173293)  的消息: 机器人成功启动 (402574744) 
[2021-04-06 18:49:59] [INFO]: 接受 WebSocket 连接: [::1]:62174 (/) 
[2021-04-06 18:49:59] [INFO]: 发送好友 2773173293(2773173293)  的消息: 机器人成功启动 (1626995982) 
[2021-04-06 18:50:02] [INFO]: 收到好友 0o酱(2773173293) 的消息: !test (-1141149095) 
[2021-04-06 18:50:52] [INFO]: 收到好友 0o酱(2773173293) 的消息: !test (-855883057) 
[2021-04-06 18:51:17] [INFO]: 收到好友 0o酱(2773173293) 的消息: !helloworld (1442124661) 
[2021-04-06 18:51:18] [INFO]: 收到好友 0o酱(2773173293) 的消息: !dxx (586294243) 
[2021-04-06 18:52:36] [INFO]: 接受 WebSocket 连接: [::1]:62270 (/) 
[2021-04-06 18:52:36] [INFO]: 发送好友 2773173293(2773173293)  的消息: 机器人成功启动 (-263790433) 
[2021-04-06 18:52:40] [INFO]: 收到好友 0o酱(2773173293) 的消息: !test (-1130973632) 
[2021-04-06 18:53:24] [INFO]: 接受 WebSocket 连接: [::1]:62280 (/) 
[2021-04-06 18:53:24] [INFO]: 发送好友 2773173293(2773173293)  的消息: 机器人成功启动 (-2025730039) 
[2021-04-06 18:53:26] [INFO]: 收到好友 0o酱(2773173293) 的消息: !test (-879655210) 
[2021-04-06 18:53:55] [INFO]: 接受 WebSocket 连接: [::1]:62292 (/) 
[2021-04-06 18:53:55] [INFO]: 发送好友 2773173293(2773173293)  的消息: 机器人成功启动 (-709870738) 
[2021-04-06 18:53:58] [INFO]: 收到好友 0o酱(2773173293) 的消息: !test (1385748332) 
[2021-04-06 18:54:32] [INFO]: 接受 WebSocket 连接: [::1]:62298 (/) 
[2021-04-06 18:54:32] [INFO]: 发送好友 2773173293(2773173293)  的消息: 机器人成功启动 (-1565062152) 
[2021-04-06 18:54:34] [INFO]: 收到好友 0o酱(2773173293) 的消息: !test (631236602) 
[2021-04-06 18:54:34] [INFO]: 发送好友 2773173293(2773173293)  的消息: 这是一条测试消息！
 ... (1002330690) 
[2021-04-06 18:54:55] [INFO]: 收到好友 0o酱(2773173293) 的消息: !test (-1256129941) 
[2021-04-06 18:54:55] [INFO]: 发送好友 2773173293(2773173293)  的消息: 这是一条测试消息！
 ... (1287219924) 
[2021-04-06 18:55:11] [INFO]: 收到群 🌚(915796189) 内 0o酱(2773173293) 的消息: [CQ:image,file=a37ef6d3927c15c5749a0371f09d017e.image] (1341458457) 
[2021-04-06 18:55:14] [INFO]: 收到群 🌚(915796189) 内 0o酱(2773173293) 的消息: 不容易 (955398287) 
[2021-04-06 18:55:19] [INFO]: 收到群 🌚(915796189) 内 0o酱(2773173293) 的消息: 然而回调还是没写 (1479913834) 
[2021-04-06 18:55:33] [INFO]: 收到群 🌚(915796189) 内 来做喵？(1071814607) 的消息: 然而回调还是没写 (791839228) 
[2021-04-06 18:55:35] [INFO]: 收到群 🌚(915796189) 内 来做喵？(1071814607) 的消息: gkd (-1237594042) 
[2021-04-06 18:56:21] [INFO]: 收到群 🌚(915796189) 内 0o酱(2773173293) 的消息: 明天写呜呜呜 (-1052974896) 
[2021-04-06 18:56:46] [INFO]: 成员 工具人bot(3516716558) 被 0o酱(2773173293) T出了群 🌚(915796189). 
[2021-04-06 18:56:59] [INFO]: 收到群 🌚(915796189) 内 0o酱(2773173293) 的消息: 不会写呜呜呜 (1599632755) 
[2021-04-06 18:57:05] [INFO]: 收到群 🌚(915796189) 内 0o酱(2773173293) 的消息: 线程停在那等待怎么写 (677332453) 
[2021-04-06 18:57:15] [INFO]: 收到群 🌚(915796189) 内 0o酱(2773173293) 的消息: 定义短事件或者长事件怎么写 (-1319758753) 
[2021-04-06 18:57:18] [INFO]: 收到群 🌚(915796189) 内 0o酱(2773173293) 的消息: 我啥都不会 (-967760695) 
[2021-04-06 18:57:19] [INFO]: 收到群 🌚(915796189) 内 0o酱(2773173293) 的消息: 我是废物 (1458452824) 
[2021-04-06 18:57:21] [INFO]: 收到群 🌚(915796189) 内 0o酱(2773173293) 的消息: 呜呜呜唔 (568920526) 
[2021-04-06 19:52:25] [INFO]: 收到群 🌚(915796189) 内 来做喵？(1071814607) 的消息: [CQ:image,file=40bedc2e8cbcc4b5b8bd1a2fde45d9b3.image] (-2009767916) 
[2021-04-06 19:52:59] [INFO]: 收到群 🌚(915796189) 内 来做喵？(1071814607) 的消息: [CQ:at,qq=2773173293] 这个两天涨60%的是什么牛逼东西 (-13479806) 
[2021-04-06 19:53:11] [INFO]: 收到群 🌚(915796189) 内 0o酱(2773173293) 的消息: zzz (1715142968) 
[2021-04-06 19:53:23] [INFO]: 收到群 🌚(915796189) 内 0o酱(2773173293) 的消息: [CQ:image,file=798e5d43a52fc449e341ffdd8ff6fd0c.image] (289157550) 
[2021-04-06 19:53:37] [INFO]: 收到群 🌚(915796189) 内 来做喵？(1071814607) 的消息: [CQ:image,file=798e5d43a52fc449e341ffdd8ff6fd0c.image] (-1890016243) 
