[18:42:17][INFO] [↑][私聊][2773173293]: 机器人成功启动
[18:42:17][WARN] Got Error Package -> map[data:map[message_id:%!s(float64=2.78071681e+08)] retcode:%!s(float64=0) status:ok]
[18:42:24][INFO] [↓][私聊][0o酱(2773173293)]: !test
[18:42:55][INFO] [↑][私聊][2773173293]: 机器人成功启动
[18:42:55][WARN] Got Error Package -> map[data:map[message_id:%!s(float64=1.737767191e+09)] retcode:%!s(float64=0) status:ok]
[18:43:00][INFO] [↑][私聊][2773173293]: 机器人成功启动
[18:43:00][WARN] Got Error Package -> map[data:map[message_id:%!s(float64=-1.0166766e+08)] retcode:%!s(float64=0) status:ok]
[18:43:05][INFO] [↓][私聊][0o酱(2773173293)]: !test
[18:48:59][INFO] [↑][私聊][2773173293]: 机器人成功启动
[18:48:59][WARN] Got Error Package -> map[data:map[message_id:%!s(float64=-1.896375262e+09)] retcode:%!s(float64=0) status:ok]
[18:49:03][INFO] [↓][私聊][0o酱(2773173293)]: ！test
[18:49:55][INFO] [↑][私聊][2773173293]: 机器人成功启动
[18:49:55][WARN] Got Error Package -> map[data:map[message_id:%!s(float64=4.02574744e+08)] retcode:%!s(float64=0) status:ok]
[18:49:59][INFO] [↑][私聊][2773173293]: 机器人成功启动
[18:49:59][WARN] Got Error Package -> map[data:map[message_id:%!s(float64=1.626995982e+09)] retcode:%!s(float64=0) status:ok]
[18:50:02][INFO] [↓][私聊][0o酱(2773173293)]: !test
[18:50:52][INFO] [↓][私聊][0o酱(2773173293)]: !test
[18:51:17][INFO] [↓][私聊][0o酱(2773173293)]: !helloworld
[18:51:18][INFO] [↓][私聊][0o酱(2773173293)]: !dxx
[18:52:36][INFO] [↑][私聊][2773173293]: 机器人成功启动
[18:52:36][WARN] Got Error Package -> map[data:map[message_id:%!s(float64=-2.63790433e+08)] retcode:%!s(float64=0) status:ok]
[18:52:40][INFO] [↓][私聊][0o酱(2773173293)]: !test
[18:53:24][INFO] [↑][私聊][2773173293]: 机器人成功启动
[18:53:24][WARN] Got Error Package -> map[data:map[message_id:%!s(float64=-2.025730039e+09)] retcode:%!s(float64=0) status:ok]
[18:53:26][INFO] [↓][私聊][0o酱(2773173293)]: !test
[18:53:55][INFO] [↑][私聊][2773173293]: 机器人成功启动
[18:53:55][WARN] Got Error Package -> map[data:map[message_id:%!s(float64=-7.09870738e+08)] retcode:%!s(float64=0) status:ok]
[18:53:58][INFO] [↓][私聊][0o酱(2773173293)]: !test
[18:54:32][INFO] [↑][私聊][2773173293]: 机器人成功启动
[18:54:32][WARN] Got Error Package -> map[data:map[message_id:%!s(float64=-1.565062152e+09)] retcode:%!s(float64=0) status:ok]
[18:54:34][INFO] [↓][私聊][0o酱(2773173293)]: !test
[18:54:34][INFO] [↑][私聊][2773173293]: 这是一条测试消息！
你好，我的朋友0o酱！
现在是：2021年4月6日下午6:54
[18:54:34][WARN] Got Error Package -> map[data:map[message_id:%!s(float64=1.00233069e+09)] retcode:%!s(float64=0) status:ok]
[18:54:55][INFO] [↓][私聊][0o酱(2773173293)]: !test
[18:54:55][INFO] [↑][私聊][2773173293]: 这是一条测试消息！
你好，我的朋友0o酱！
现在是：2021年4月6日下午6:54
[18:54:55][WARN] Got Error Package -> map[data:map[message_id:%!s(float64=1.287219924e+09)] retcode:%!s(float64=0) status:ok]
[18:55:11][INFO] [↓][群聊(915796189)][0o酱(2773173293)]: [CQ:image,file=a37ef6d3927c15c5749a0371f09d017e.image,url=http://gchat.qpic.cn/gchatpic_new/2773173293/915796189-2203802278-A37EF6D3927C15C5749A0371F09D017E/0?term=3]
