[12:10:51][Debug] [↑][EID:1617855051837412700][Type:send_private_msg]S:{"user_id": 2773173293, "message": "机器人成功启动"}
[12:13:24][WARN] [↓][EID:1617855199872660600][Type:send_private_msg]Timeout
[12:15:08][WARN] [↓][EID:1617855298369624200][Type:send_private_msg]Timeout
[12:15:50][WARN] [↓][EID:1617855340416176400][Type:send_private_msg]Timeout
[12:15:50][WARN] Got Error Package -> map[data:map[message_id:%!s(float64=-2.025730039e+09)] retcode:%!s(float64=0) status:ok]
[12:17:01][WARN] Got Error Package -> map[data:map[message_id:%!s(float64=-7.09870738e+08)] retcode:%!s(float64=0) status:ok]
[12:17:52][WARN] Got Error Package -> map[data:map[message_id:%!s(float64=-1.565062152e+09)] retcode:%!s(float64=0) status:ok]
[12:18:01][WARN] [↓][EID:1617855471114117900][Type:send_private_msg]Timeout
[12:28:00][INFO] [↑][私聊][2773173293]: 机器人成功启动
[12:28:14][INFO] [↑][私聊][2773173293]: 机器人成功启动
[12:28:22][INFO] [↑][私聊][2773173293]: 机器人成功启动
[12:28:27][INFO] [↓][私聊][0o酱(2773173293)]: !test
[12:28:27][INFO] [↑][私聊][2773173293]: 这是一条测试消息！
你好，我的朋友0o酱！
现在是：2021年4月8日下午12:28
[12:28:39][INFO] [↓][群聊(915796189)][0o酱(2773173293)]: !复读机
[12:28:39][INFO] [↑][群聊][915796189]: 我，就是人类的本质
[12:28:40][INFO] [↑][群聊][915796189]: 
[12:28:40][INFO] [↑][群聊][915796189]: 
[12:28:40][INFO] [↑][群聊][915796189]: 
[12:28:40][INFO] [↑][群聊][915796189]: 
[12:28:41][INFO] [↑][群聊][915796189]: 
[12:28:41][INFO] [↑][群聊][915796189]: 
[12:28:41][INFO] [↑][群聊][915796189]: 
[12:28:41][INFO] [↑][群聊][915796189]: 
[12:28:41][INFO] [↑][群聊][915796189]: 
[12:28:41][INFO] [↑][群聊][915796189]: 
[12:28:42][INFO] [↑][群聊][915796189]: 
[12:28:42][INFO] [↑][群聊][915796189]: 
[12:28:42][INFO] [↑][群聊][915796189]: 
[12:28:42][INFO] [↑][群聊][915796189]: 
[12:28:42][INFO] [↑][群聊][915796189]: 
[12:28:43][INFO] [↑][群聊][915796189]: 
[12:28:43][INFO] [↑][群聊][915796189]: 
[12:28:43][INFO] [↑][群聊][915796189]: 
[12:28:43][INFO] [↑][群聊][915796189]: 
[12:28:43][INFO] [↑][群聊][915796189]: 
[12:30:25][INFO] [↑][私聊][2773173293]: 机器人成功启动
[12:30:29][INFO] [↓][群聊(915796189)][0o酱(2773173293)]: !复读机
[12:30:29][INFO] [↑][群聊][915796189]: 我，就是人类的本质
[12:30:29][INFO] [↑][群聊][915796189]: 
[12:30:29][INFO] [↑][群聊][915796189]: 
[12:30:30][INFO] [↑][群聊][915796189]: 
[12:30:30][INFO] [↑][群聊][915796189]: 
[12:30:30][INFO] [↑][群聊][915796189]: 
[12:30:30][INFO] [↑][群聊][915796189]: 
[12:30:30][INFO] [↑][群聊][915796189]: 
[12:30:30][INFO] [↑][群聊][915796189]: 
[12:30:31][INFO] [↑][群聊][915796189]: 
[12:30:31][INFO] [↑][群聊][915796189]: 
[12:30:31][INFO] [↑][群聊][915796189]: 
[12:30:31][INFO] [↑][群聊][915796189]: 
[12:30:31][INFO] [↑][群聊][915796189]: 
[12:30:31][INFO] [↑][群聊][915796189]: 
[12:30:32][INFO] [↑][群聊][915796189]: 
[12:30:32][INFO] [↑][群聊][915796189]: 
[12:30:32][INFO] [↑][群聊][915796189]: 
[12:30:32][INFO] [↑][群聊][915796189]: 
[12:30:58][INFO] [↑][私聊][2773173293]: 机器人成功启动
[12:31:03][INFO] [↓][群聊(915796189)][0o酱(2773173293)]: !复读机
[12:31:03][INFO] [↑][群聊][915796189]: 我，就是人类的本质
[12:31:03][INFO] [↑][群聊][915796189]: 
[12:31:03][INFO] [↑][群聊][915796189]: 
[12:31:04][INFO] [↑][群聊][915796189]: 
[12:31:04][INFO] [↑][群聊][915796189]: 
[12:31:04][INFO] [↑][群聊][915796189]: 
[12:31:04][INFO] [↑][群聊][915796189]: 
[12:31:04][INFO] [↑][群聊][915796189]: 
[12:31:04][INFO] [↑][群聊][915796189]: 
[12:31:05][INFO] [↑][群聊][915796189]: 
[12:31:05][INFO] [↑][群聊][915796189]: 
[12:31:05][INFO] [↑][群聊][915796189]: 
[12:31:05][INFO] [↑][群聊][915796189]: 
[12:31:05][INFO] [↑][群聊][915796189]: 
[12:31:05][INFO] [↑][群聊][915796189]: 
[12:31:06][INFO] [↑][群聊][915796189]: 
[12:31:06][INFO] [↑][群聊][915796189]: 
[12:31:06][INFO] [↑][群聊][915796189]: 
[12:31:06][INFO] [↑][群聊][915796189]: 
[12:31:06][INFO] [↑][群聊][915796189]: 
[12:31:07][INFO] [↑][群聊][915796189]: 
[12:31:07][INFO] [↑][群聊][915796189]: 
[12:31:07][INFO] [↑][群聊][915796189]: 
[12:31:07][INFO] [↓][群聊(915796189)][0o酱(2773173293)]: 关闭复读机
[12:32:50][INFO] [↑][私聊][2773173293]: 机器人成功启动
[12:32:56][INFO] [↓][群聊(915796189)][0o酱(2773173293)]: !复读机
[12:32:56][INFO] [↑][群聊][915796189]: 我，就是人类的本质
[12:33:02][INFO] [↓][群聊(915796189)][0o酱(2773173293)]: 真晦气
[12:33:02][INFO] [↑][群聊][915796189]: 真晦气
[12:33:05][INFO] [↓][群聊(915796189)][0o酱(2773173293)]: 可算是好了
[12:33:05][INFO] [↑][群聊][915796189]: 可算是好了
[12:33:09][INFO] [↓][群聊(915796189)][0o酱(2773173293)]: [CQ:image,file=abbcc2abd70c20008b67fde986fd6075.image,url=http://gchat.qpic.cn/gchatpic_new/2773173293/915796189-2878100773-ABBCC2ABD70C20008B67FDE986FD6075/0?term=3]
[12:33:09][INFO] [↑][群聊][915796189]: [CQ:image,file=abbcc2abd70c20008b67fde986fd6075.image,url=http://gchat.qpic.cn/gchatpic_new/2773173293/915796189-2878100773-ABBCC2ABD70C20008B67FDE986FD6075/0?term=3]
[12:36:59][INFO] [↑][私聊][2773173293]: 机器人成功启动
[12:37:15][INFO] [↓][私聊][0o酱(2773173293)]: [CQ:xml,data=<?xml version='1.0' encoding='UTF-8' standalone='yes' ?><msg serviceID="128" templateID="12345" action="native" brief="&#91;链接&#93;邀请你加入群聊" sourceMsgId="0" url=""><item layout="2"><picture cover=""/><title>邀请你加入群聊</title><summary /></item><data groupcode="195135404" groupname="真是个好群呢.jpg" msgseq="1617856635078859" msgtype="2"/></msg>,resid=128]
[12:38:14][INFO] [↑][私聊][2773173293]: 机器人成功启动
[12:38:28][INFO] [↓][私聊][0o酱(2773173293)]: [CQ:xml,data=<?xml version='1.0' encoding='UTF-8' standalone='yes' ?><msg serviceID="128" templateID="12345" action="native" brief="&#91;链接&#93;邀请你加入群聊" sourceMsgId="0" url=""><item layout="2"><picture cover=""/><title>邀请你加入群聊</title><summary /></item><data groupcode="195135404" groupname="真是个好群呢.jpg" msgseq="1617856707695976" msgtype="2"/></msg>,resid=128]
[12:39:22][INFO] [↑][私聊][2773173293]: 机器人成功启动
[12:39:31][INFO] [↓][私聊][0o酱(2773173293)]: [CQ:xml,data=<?xml version='1.0' encoding='UTF-8' standalone='yes' ?><msg serviceID="128" templateID="12345" action="native" brief="&#91;链接&#93;邀请你加入群聊" sourceMsgId="0" url=""><item layout="2"><picture cover=""/><title>邀请你加入群聊</title><summary /></item><data groupcode="195135404" groupname="真是个好群呢.jpg" msgseq="1617856770666103" msgtype="2"/></msg>,resid=128]
[12:40:58][INFO] [↑][私聊][2773173293]: 机器人成功启动
[12:41:05][INFO] [↓][群聊(915796189)][0o酱(2773173293)]: !复读机
[12:41:05][INFO] [↑][群聊][915796189]: 我，就是人类的本质
[12:41:11][INFO] [↓][群聊(195135404)][0o酱(2773173293)]: 123
[12:41:11][INFO] [↑][群聊][915796189]: 123
[12:41:29][INFO] [↓][群聊(195135404)][想不出来.png(1071814607)]: 123
[12:41:29][INFO] [↑][群聊][915796189]: 123
[12:41:54][INFO] [↓][群聊(915796189)][0o酱(2773173293)]: 关闭复读机
[12:41:54][INFO] [↑][群聊][915796189]: 复读机已关闭
[12:44:20][INFO] [↑][私聊][2773173293]: 机器人成功启动
[12:44:30][INFO] [↓][群聊(195135404)][0o酱(2773173293)]: !复读机
[12:44:30][INFO] [↑][群聊][195135404]: 我，就是人类的本质
[12:44:35][INFO] [↓][群聊(915796189)][0o酱(2773173293)]: 1234
[12:44:39][INFO] [↓][群聊(915796189)][0o酱(2773173293)]: !复读机
[12:44:39][INFO] [↑][群聊][915796189]: 我，就是人类的本质
[12:44:41][INFO] [↓][群聊(915796189)][0o酱(2773173293)]: 2333
[12:44:41][INFO] [↑][群聊][915796189]: 2333
[12:44:45][INFO] [↓][群聊(915796189)][0o酱(2773173293)]: 关闭复读机
[12:44:45][INFO] [↑][群聊][915796189]: 复读机已关闭
[12:44:52][INFO] [↓][群聊(195135404)][0o酱(2773173293)]: 12343
[12:44:52][INFO] [↑][群聊][195135404]: 12343
[12:44:55][INFO] [↓][群聊(195135404)][0o酱(2773173293)]: 关闭复读机
[12:44:55][INFO] [↑][群聊][195135404]: 复读机已关闭
